  [1m[35m (135.2ms)[0m  [1m[35mCREATE DATABASE "cats99_development" ENCODING = 'unicode'[0m
  ↳ bin/rails:9
  [1m[35m (90.6ms)[0m  [1m[35mCREATE DATABASE "cats99_test" ENCODING = 'unicode'[0m
  ↳ bin/rails:9
  [1m[35m (2.2ms)[0m  [1m[35mCREATE DATABASE "cats99_development" ENCODING = 'unicode'[0m
  ↳ bin/rails:9
  [1m[35m (0.8ms)[0m  [1m[35mCREATE DATABASE "cats99_test" ENCODING = 'unicode'[0m
  ↳ bin/rails:9
  [1m[35m (25.5ms)[0m  [1m[35mCREATE TABLE "schema_migrations" ("version" character varying NOT NULL PRIMARY KEY)[0m
  ↳ bin/rails:9
  [1m[35m (6.5ms)[0m  [1m[35mCREATE TABLE "ar_internal_metadata" ("key" character varying NOT NULL PRIMARY KEY, "value" character varying, "created_at" timestamp NOT NULL, "updated_at" timestamp NOT NULL)[0m
  ↳ bin/rails:9
  [1m[35m (0.4ms)[0m  [1m[34mSELECT pg_try_advisory_lock(7809834472913233005)[0m
  ↳ bin/rails:9
  [1m[35m (0.8ms)[0m  [1m[34mSELECT "schema_migrations"."version" FROM "schema_migrations" ORDER BY "schema_migrations"."version" ASC[0m
  ↳ bin/rails:9
Migrating to CreateCats (20220527204249)
  [1m[35m (0.1ms)[0m  [1m[35mBEGIN[0m
  ↳ bin/rails:9
  [1m[35m (7.8ms)[0m  [1m[35mCREATE TABLE "cats" ("id" bigserial primary key, "birth_date" date NOT NULL, "color" character varying NOT NULL, "name" character varying NOT NULL, "sex" character varying(1), "description" text, "created_at" timestamp NOT NULL, "updated_at" timestamp NOT NULL)[0m
  ↳ db/migrate/20220527204249_create_cats.rb:3
  [1m[36mActiveRecord::SchemaMigration Create (0.6ms)[0m  [1m[32mINSERT INTO "schema_migrations" ("version") VALUES ($1) RETURNING "version"[0m  [["version", "20220527204249"]]
  ↳ bin/rails:9
  [1m[35m (0.2ms)[0m  [1m[35mCOMMIT[0m
  ↳ bin/rails:9
  [1m[36mActiveRecord::InternalMetadata Load (0.7ms)[0m  [1m[34mSELECT  "ar_internal_metadata".* FROM "ar_internal_metadata" WHERE "ar_internal_metadata"."key" = $1 LIMIT $2[0m  [["key", "environment"], ["LIMIT", 1]]
  ↳ bin/rails:9
  [1m[35m (0.1ms)[0m  [1m[35mBEGIN[0m
  ↳ bin/rails:9
  [1m[36mActiveRecord::InternalMetadata Create (0.6ms)[0m  [1m[32mINSERT INTO "ar_internal_metadata" ("key", "value", "created_at", "updated_at") VALUES ($1, $2, $3, $4) RETURNING "key"[0m  [["key", "environment"], ["value", "development"], ["created_at", "2022-05-27 20:49:35.310779"], ["updated_at", "2022-05-27 20:49:35.310779"]]
  ↳ bin/rails:9
  [1m[35m (0.1ms)[0m  [1m[35mCOMMIT[0m
  ↳ bin/rails:9
  [1m[35m (0.1ms)[0m  [1m[34mSELECT pg_advisory_unlock(7809834472913233005)[0m
  ↳ bin/rails:9
  [1m[35m (0.1ms)[0m  [1m[34mSELECT "schema_migrations"."version" FROM "schema_migrations" ORDER BY "schema_migrations"."version" ASC[0m
  ↳ bin/rails:9
  [1m[35m (0.9ms)[0m  [1m[34mSELECT "schema_migrations"."version" FROM "schema_migrations" ORDER BY "schema_migrations"."version" ASC[0m
  ↳ /Users/lucyluo/.rbenv/versions/2.5.1/bin/annotate:25
  [1m[35m (0.3ms)[0m  [1m[35mBEGIN[0m
  [1m[35m (0.3ms)[0m  [1m[31mROLLBACK[0m
  [1m[35m (0.3ms)[0m  [1m[35mBEGIN[0m
  [1m[36mCat Create (8.2ms)[0m  [1m[32mINSERT INTO "cats" ("birth_date", "color", "name", "sex", "description", "created_at", "updated_at") VALUES ($1, $2, $3, $4, $5, $6, $7) RETURNING "id"[0m  [["birth_date", "2015-01-20"], ["color", "white"], ["name", "fluffy"], ["sex", "M"], ["description", "Very cute cat"], ["created_at", "2022-05-27 21:02:32.439990"], ["updated_at", "2022-05-27 21:02:32.439990"]]
  [1m[35m (5.0ms)[0m  [1m[35mCOMMIT[0m
  [1m[36mCat Load (0.5ms)[0m  [1m[34mSELECT "cats".* FROM "cats"[0m
Started GET "/cats" for ::1 at 2022-05-27 14:09:50 -0700
  [1m[35m (0.9ms)[0m  [1m[34mSELECT "schema_migrations"."version" FROM "schema_migrations" ORDER BY "schema_migrations"."version" ASC[0m
  ↳ /Users/lucyluo/.rbenv/versions/2.5.1/lib/ruby/gems/2.5.0/gems/activerecord-5.2.8/lib/active_record/log_subscriber.rb:98
Processing by CatsController#index as */*
  Rendering cats/index.html.erb within layouts/application
  [1m[36mCat Load (0.5ms)[0m  [1m[34mSELECT "cats".* FROM "cats"[0m
  ↳ app/views/cats/index.html.erb:4
  Rendered cats/index.html.erb within layouts/application (13.9ms)
Completed 200 OK in 408ms (Views: 399.9ms | ActiveRecord: 3.8ms)


  [1m[35m (0.2ms)[0m  [1m[35mBEGIN[0m
  [1m[36mCat Create (1.0ms)[0m  [1m[32mINSERT INTO "cats" ("birth_date", "color", "name", "sex", "description", "created_at", "updated_at") VALUES ($1, $2, $3, $4, $5, $6, $7) RETURNING "id"[0m  [["birth_date", "2022-04-18"], ["color", "black"], ["name", "Charles"], ["sex", "M"], ["description", "very great cat!!!"], ["created_at", "2022-05-27 21:13:05.239188"], ["updated_at", "2022-05-27 21:13:05.239188"]]
  [1m[35m (4.7ms)[0m  [1m[35mCOMMIT[0m
Started GET "/cats" for ::1 at 2022-05-27 14:13:17 -0700
Processing by CatsController#index as */*
  Rendering cats/index.html.erb within layouts/application
  [1m[36mCat Load (0.6ms)[0m  [1m[34mSELECT "cats".* FROM "cats"[0m
  ↳ app/views/cats/index.html.erb:4
  Rendered cats/index.html.erb within layouts/application (1.8ms)
Completed 200 OK in 30ms (Views: 28.9ms | ActiveRecord: 0.6ms)


Started GET "/cats" for ::1 at 2022-05-27 14:16:55 -0700
Processing by CatsController#index as */*
  Rendering cats/index.html.erb within layouts/application
  [1m[36mCat Load (0.9ms)[0m  [1m[34mSELECT "cats".* FROM "cats"[0m
  ↳ app/views/cats/index.html.erb:4
  Rendered cats/index.html.erb within layouts/application (2.8ms)
Completed 200 OK in 33ms (Views: 31.2ms | ActiveRecord: 0.9ms)


Started GET "/cats" for ::1 at 2022-05-27 14:19:32 -0700
Processing by CatsController#index as */*
  Rendering cats/index.html.erb within layouts/application
  [1m[36mCat Load (0.4ms)[0m  [1m[34mSELECT "cats".* FROM "cats"[0m
  ↳ app/views/cats/index.html.erb:4
  Rendered cats/index.html.erb within layouts/application (11.4ms)
Completed 200 OK in 47ms (Views: 40.4ms | ActiveRecord: 3.6ms)


Started GET "/cats" for ::1 at 2022-05-27 14:19:43 -0700
Processing by CatsController#index as */*
  Rendering cats/index.html.erb within layouts/application
  [1m[36mCat Load (0.3ms)[0m  [1m[34mSELECT "cats".* FROM "cats"[0m
  ↳ app/views/cats/index.html.erb:4
  Rendered cats/index.html.erb within layouts/application (1.4ms)
Completed 200 OK in 28ms (Views: 27.1ms | ActiveRecord: 0.3ms)


Started GET "/cats" for ::1 at 2022-05-27 14:20:07 -0700
  [1m[35m (1.3ms)[0m  [1m[34mSELECT "schema_migrations"."version" FROM "schema_migrations" ORDER BY "schema_migrations"."version" ASC[0m
  ↳ /Users/lucyluo/.rbenv/versions/2.5.1/lib/ruby/gems/2.5.0/gems/activerecord-5.2.8/lib/active_record/log_subscriber.rb:98
Processing by CatsController#index as */*
  Rendering cats/index.html.erb within layouts/application
  [1m[36mCat Load (0.6ms)[0m  [1m[34mSELECT "cats".* FROM "cats"[0m
  ↳ app/views/cats/index.html.erb:4
  Rendered cats/index.html.erb within layouts/application (18.7ms)
Completed 200 OK in 160ms (Views: 150.9ms | ActiveRecord: 4.8ms)


Started GET "/" for ::1 at 2022-05-27 14:20:32 -0700
Processing by Rails::WelcomeController#index as HTML
  Rendering /Users/lucyluo/.rbenv/versions/2.5.1/lib/ruby/gems/2.5.0/gems/railties-5.2.8/lib/rails/templates/rails/welcome/index.html.erb
  Rendered /Users/lucyluo/.rbenv/versions/2.5.1/lib/ruby/gems/2.5.0/gems/railties-5.2.8/lib/rails/templates/rails/welcome/index.html.erb (2.0ms)
Completed 200 OK in 6ms (Views: 3.8ms | ActiveRecord: 0.0ms)


Started GET "/cats" for ::1 at 2022-05-27 14:20:37 -0700
Processing by CatsController#index as HTML
  Rendering cats/index.html.erb within layouts/application
  [1m[36mCat Load (0.4ms)[0m  [1m[34mSELECT "cats".* FROM "cats"[0m
  ↳ app/views/cats/index.html.erb:4
  Rendered cats/index.html.erb within layouts/application (1.7ms)
Completed 200 OK in 20ms (Views: 19.4ms | ActiveRecord: 0.4ms)


Started GET "/%3C=%%20cat_url(cat)%20%%3E" for ::1 at 2022-05-27 14:20:38 -0700
  
ActionController::RoutingError (No route matches [GET] "/%3C=%%20cat_url(cat)%20%%3E"):
  
actionpack (5.2.8) lib/action_dispatch/middleware/debug_exceptions.rb:65:in `call'
web-console (3.7.0) lib/web_console/middleware.rb:135:in `call_app'
web-console (3.7.0) lib/web_console/middleware.rb:30:in `block in call'
web-console (3.7.0) lib/web_console/middleware.rb:20:in `catch'
web-console (3.7.0) lib/web_console/middleware.rb:20:in `call'
actionpack (5.2.8) lib/action_dispatch/middleware/show_exceptions.rb:33:in `call'
railties (5.2.8) lib/rails/rack/logger.rb:38:in `call_app'
railties (5.2.8) lib/rails/rack/logger.rb:26:in `block in call'
activesupport (5.2.8) lib/active_support/tagged_logging.rb:71:in `block in tagged'
activesupport (5.2.8) lib/active_support/tagged_logging.rb:28:in `tagged'
activesupport (5.2.8) lib/active_support/tagged_logging.rb:71:in `tagged'
railties (5.2.8) lib/rails/rack/logger.rb:26:in `call'
sprockets-rails (3.4.2) lib/sprockets/rails/quiet_assets.rb:13:in `call'
actionpack (5.2.8) lib/action_dispatch/middleware/remote_ip.rb:81:in `call'
actionpack (5.2.8) lib/action_dispatch/middleware/request_id.rb:27:in `call'
rack (2.2.3.1) lib/rack/method_override.rb:24:in `call'
rack (2.2.3.1) lib/rack/runtime.rb:22:in `call'
activesupport (5.2.8) lib/active_support/cache/strategy/local_cache_middleware.rb:29:in `call'
actionpack (5.2.8) lib/action_dispatch/middleware/executor.rb:14:in `call'
actionpack (5.2.8) lib/action_dispatch/middleware/static.rb:127:in `call'
rack (2.2.3.1) lib/rack/sendfile.rb:110:in `call'
railties (5.2.8) lib/rails/engine.rb:524:in `call'
puma (3.12.6) lib/puma/configuration.rb:227:in `call'
puma (3.12.6) lib/puma/server.rb:706:in `handle_request'
puma (3.12.6) lib/puma/server.rb:476:in `process_client'
puma (3.12.6) lib/puma/server.rb:334:in `block in run'
puma (3.12.6) lib/puma/thread_pool.rb:135:in `block in spawn_thread'
Started GET "/cats" for ::1 at 2022-05-27 14:21:06 -0700
Processing by CatsController#index as HTML
  Rendering cats/index.html.erb within layouts/application
  [1m[36mCat Load (0.3ms)[0m  [1m[34mSELECT "cats".* FROM "cats"[0m
  ↳ app/views/cats/index.html.erb:4
  Rendered cats/index.html.erb within layouts/application (1.2ms)
Completed 200 OK in 15ms (Views: 13.8ms | ActiveRecord: 0.3ms)


Started GET "/%3C=%%20cats_url(cat)%20%%3E" for ::1 at 2022-05-27 14:21:07 -0700
  
ActionController::RoutingError (No route matches [GET] "/%3C=%%20cats_url(cat)%20%%3E"):
  
actionpack (5.2.8) lib/action_dispatch/middleware/debug_exceptions.rb:65:in `call'
web-console (3.7.0) lib/web_console/middleware.rb:135:in `call_app'
web-console (3.7.0) lib/web_console/middleware.rb:30:in `block in call'
web-console (3.7.0) lib/web_console/middleware.rb:20:in `catch'
web-console (3.7.0) lib/web_console/middleware.rb:20:in `call'
actionpack (5.2.8) lib/action_dispatch/middleware/show_exceptions.rb:33:in `call'
railties (5.2.8) lib/rails/rack/logger.rb:38:in `call_app'
railties (5.2.8) lib/rails/rack/logger.rb:26:in `block in call'
activesupport (5.2.8) lib/active_support/tagged_logging.rb:71:in `block in tagged'
activesupport (5.2.8) lib/active_support/tagged_logging.rb:28:in `tagged'
activesupport (5.2.8) lib/active_support/tagged_logging.rb:71:in `tagged'
railties (5.2.8) lib/rails/rack/logger.rb:26:in `call'
sprockets-rails (3.4.2) lib/sprockets/rails/quiet_assets.rb:13:in `call'
actionpack (5.2.8) lib/action_dispatch/middleware/remote_ip.rb:81:in `call'
actionpack (5.2.8) lib/action_dispatch/middleware/request_id.rb:27:in `call'
rack (2.2.3.1) lib/rack/method_override.rb:24:in `call'
rack (2.2.3.1) lib/rack/runtime.rb:22:in `call'
activesupport (5.2.8) lib/active_support/cache/strategy/local_cache_middleware.rb:29:in `call'
actionpack (5.2.8) lib/action_dispatch/middleware/executor.rb:14:in `call'
actionpack (5.2.8) lib/action_dispatch/middleware/static.rb:127:in `call'
rack (2.2.3.1) lib/rack/sendfile.rb:110:in `call'
railties (5.2.8) lib/rails/engine.rb:524:in `call'
puma (3.12.6) lib/puma/configuration.rb:227:in `call'
puma (3.12.6) lib/puma/server.rb:706:in `handle_request'
puma (3.12.6) lib/puma/server.rb:476:in `process_client'
puma (3.12.6) lib/puma/server.rb:334:in `block in run'
puma (3.12.6) lib/puma/thread_pool.rb:135:in `block in spawn_thread'
Started GET "/cats" for ::1 at 2022-05-27 14:21:24 -0700
Processing by CatsController#index as HTML
  Rendering cats/index.html.erb within layouts/application
  [1m[36mCat Load (0.3ms)[0m  [1m[34mSELECT "cats".* FROM "cats"[0m
  ↳ app/views/cats/index.html.erb:4
  Rendered cats/index.html.erb within layouts/application (18.4ms)
Completed 200 OK in 34ms (Views: 33.5ms | ActiveRecord: 0.3ms)


Started GET "/%3C%20cats_url(cat)%20%%3E" for ::1 at 2022-05-27 14:21:25 -0700
  
ActionController::RoutingError (No route matches [GET] "/%3C%20cats_url(cat)%20%%3E"):
  
actionpack (5.2.8) lib/action_dispatch/middleware/debug_exceptions.rb:65:in `call'
web-console (3.7.0) lib/web_console/middleware.rb:135:in `call_app'
web-console (3.7.0) lib/web_console/middleware.rb:30:in `block in call'
web-console (3.7.0) lib/web_console/middleware.rb:20:in `catch'
web-console (3.7.0) lib/web_console/middleware.rb:20:in `call'
actionpack (5.2.8) lib/action_dispatch/middleware/show_exceptions.rb:33:in `call'
railties (5.2.8) lib/rails/rack/logger.rb:38:in `call_app'
railties (5.2.8) lib/rails/rack/logger.rb:26:in `block in call'
activesupport (5.2.8) lib/active_support/tagged_logging.rb:71:in `block in tagged'
activesupport (5.2.8) lib/active_support/tagged_logging.rb:28:in `tagged'
activesupport (5.2.8) lib/active_support/tagged_logging.rb:71:in `tagged'
railties (5.2.8) lib/rails/rack/logger.rb:26:in `call'
sprockets-rails (3.4.2) lib/sprockets/rails/quiet_assets.rb:13:in `call'
actionpack (5.2.8) lib/action_dispatch/middleware/remote_ip.rb:81:in `call'
actionpack (5.2.8) lib/action_dispatch/middleware/request_id.rb:27:in `call'
rack (2.2.3.1) lib/rack/method_override.rb:24:in `call'
rack (2.2.3.1) lib/rack/runtime.rb:22:in `call'
activesupport (5.2.8) lib/active_support/cache/strategy/local_cache_middleware.rb:29:in `call'
actionpack (5.2.8) lib/action_dispatch/middleware/executor.rb:14:in `call'
actionpack (5.2.8) lib/action_dispatch/middleware/static.rb:127:in `call'
rack (2.2.3.1) lib/rack/sendfile.rb:110:in `call'
railties (5.2.8) lib/rails/engine.rb:524:in `call'
puma (3.12.6) lib/puma/configuration.rb:227:in `call'
puma (3.12.6) lib/puma/server.rb:706:in `handle_request'
puma (3.12.6) lib/puma/server.rb:476:in `process_client'
puma (3.12.6) lib/puma/server.rb:334:in `block in run'
puma (3.12.6) lib/puma/thread_pool.rb:135:in `block in spawn_thread'
Started GET "/cats/1" for ::1 at 2022-05-27 14:21:44 -0700
Processing by CatsController#show as HTML
  Parameters: {"id"=>"1"}
  [1m[36mCat Load (0.2ms)[0m  [1m[34mSELECT  "cats".* FROM "cats" WHERE "cats"."id" = $1 LIMIT $2[0m  [["id", nil], ["LIMIT", 1]]
  ↳ app/controllers/cats_controller.rb:8
Completed 404 Not Found in 12ms (ActiveRecord: 0.5ms)



ActiveRecord::RecordNotFound - Couldn't find Cat with 'id'=id:
  app/controllers/cats_controller.rb:8:in `show'

Started POST "/__better_errors/d1134a11fee4f1b3/variables" for ::1 at 2022-05-27 14:21:44 -0700
  [1m[36mCat Load (1.8ms)[0m  [1m[34mSELECT "cats".* FROM "cats"[0m
Started GET "/cats/1" for ::1 at 2022-05-27 14:22:42 -0700
Processing by CatsController#show as HTML
  Parameters: {"id"=>"1"}
  [1m[36mCat Load (0.2ms)[0m  [1m[34mSELECT  "cats".* FROM "cats" WHERE "cats"."id" = $1 LIMIT $2[0m  [["id", 1], ["LIMIT", 1]]
  ↳ app/controllers/cats_controller.rb:8
  Rendering cats/show.html.erb within layouts/application
  Rendered cats/show.html.erb within layouts/application (0.3ms)
Completed 200 OK in 28ms (Views: 14.5ms | ActiveRecord: 4.3ms)


Started GET "/cats" for ::1 at 2022-05-27 14:22:49 -0700
Processing by CatsController#index as HTML
  Rendering cats/index.html.erb within layouts/application
  [1m[36mCat Load (0.3ms)[0m  [1m[34mSELECT "cats".* FROM "cats"[0m
  ↳ app/views/cats/index.html.erb:4
  Rendered cats/index.html.erb within layouts/application (1.7ms)
Completed 200 OK in 17ms (Views: 15.8ms | ActiveRecord: 0.3ms)


Started GET "/cats.1" for ::1 at 2022-05-27 14:22:51 -0700
Processing by CatsController#index as 
  Rendering cats/index.html.erb within layouts/application
  [1m[36mCat Load (0.3ms)[0m  [1m[34mSELECT "cats".* FROM "cats"[0m
  ↳ app/views/cats/index.html.erb:4
  Rendered cats/index.html.erb within layouts/application (1.4ms)
Completed 200 OK in 31ms (Views: 29.9ms | ActiveRecord: 0.3ms)


Started GET "/cats.1" for ::1 at 2022-05-27 14:22:52 -0700
Processing by CatsController#index as 
  Rendering cats/index.html.erb within layouts/application
  [1m[36mCat Load (0.3ms)[0m  [1m[34mSELECT "cats".* FROM "cats"[0m
  ↳ app/views/cats/index.html.erb:4
  Rendered cats/index.html.erb within layouts/application (1.3ms)
Completed 200 OK in 23ms (Views: 22.2ms | ActiveRecord: 0.3ms)


Started GET "/cats.1" for ::1 at 2022-05-27 14:22:52 -0700
Processing by CatsController#index as 
  Rendering cats/index.html.erb within layouts/application
  [1m[36mCat Load (0.3ms)[0m  [1m[34mSELECT "cats".* FROM "cats"[0m
  ↳ app/views/cats/index.html.erb:4
  Rendered cats/index.html.erb within layouts/application (1.3ms)
Completed 200 OK in 22ms (Views: 21.7ms | ActiveRecord: 0.3ms)


Started GET "/cats.1" for ::1 at 2022-05-27 14:22:53 -0700
Processing by CatsController#index as 
  Rendering cats/index.html.erb within layouts/application
  [1m[36mCat Load (0.4ms)[0m  [1m[34mSELECT "cats".* FROM "cats"[0m
  ↳ app/views/cats/index.html.erb:4
  Rendered cats/index.html.erb within layouts/application (1.4ms)
Completed 200 OK in 23ms (Views: 22.6ms | ActiveRecord: 0.4ms)


Started GET "/cats.1" for ::1 at 2022-05-27 14:22:53 -0700
Processing by CatsController#index as 
  Rendering cats/index.html.erb within layouts/application
  [1m[36mCat Load (0.3ms)[0m  [1m[34mSELECT "cats".* FROM "cats"[0m
  ↳ app/views/cats/index.html.erb:4
  Rendered cats/index.html.erb within layouts/application (1.4ms)
Completed 200 OK in 34ms (Views: 33.2ms | ActiveRecord: 0.3ms)


Started GET "/cats.1" for ::1 at 2022-05-27 14:22:54 -0700
Processing by CatsController#index as 
  Rendering cats/index.html.erb within layouts/application
  [1m[36mCat Load (1.3ms)[0m  [1m[34mSELECT "cats".* FROM "cats"[0m
  ↳ app/views/cats/index.html.erb:4
  Rendered cats/index.html.erb within layouts/application (2.5ms)
Completed 200 OK in 34ms (Views: 32.5ms | ActiveRecord: 1.3ms)


Started GET "/cats.1" for ::1 at 2022-05-27 14:22:54 -0700
Processing by CatsController#index as 
  Rendering cats/index.html.erb within layouts/application
  [1m[36mCat Load (0.3ms)[0m  [1m[34mSELECT "cats".* FROM "cats"[0m
  ↳ app/views/cats/index.html.erb:4
  Rendered cats/index.html.erb within layouts/application (1.3ms)
Completed 200 OK in 22ms (Views: 21.2ms | ActiveRecord: 0.3ms)


Started GET "/cats.1" for ::1 at 2022-05-27 14:22:54 -0700
Processing by CatsController#index as 
  Rendering cats/index.html.erb within layouts/application
  [1m[36mCat Load (0.3ms)[0m  [1m[34mSELECT "cats".* FROM "cats"[0m
  ↳ app/views/cats/index.html.erb:4
  Rendered cats/index.html.erb within layouts/application (1.3ms)
Completed 200 OK in 23ms (Views: 22.7ms | ActiveRecord: 0.3ms)


Started GET "/cats.1" for ::1 at 2022-05-27 14:22:55 -0700
Processing by CatsController#index as 
  Rendering cats/index.html.erb within layouts/application
  [1m[36mCat Load (2.2ms)[0m  [1m[34mSELECT "cats".* FROM "cats"[0m
  ↳ app/views/cats/index.html.erb:4
  Rendered cats/index.html.erb within layouts/application (3.5ms)
Completed 200 OK in 29ms (Views: 26.5ms | ActiveRecord: 2.2ms)


Started GET "/cats.1" for ::1 at 2022-05-27 14:22:55 -0700
Processing by CatsController#index as 
  Rendering cats/index.html.erb within layouts/application
  [1m[36mCat Load (0.3ms)[0m  [1m[34mSELECT "cats".* FROM "cats"[0m
  ↳ app/views/cats/index.html.erb:4
  Rendered cats/index.html.erb within layouts/application (1.4ms)
Completed 200 OK in 28ms (Views: 26.8ms | ActiveRecord: 0.3ms)


Started GET "/cats.1" for ::1 at 2022-05-27 14:22:55 -0700
Processing by CatsController#index as 
  Rendering cats/index.html.erb within layouts/application
  [1m[36mCat Load (0.3ms)[0m  [1m[34mSELECT "cats".* FROM "cats"[0m
  ↳ app/views/cats/index.html.erb:4
  Rendered cats/index.html.erb within layouts/application (1.4ms)
Completed 200 OK in 26ms (Views: 25.5ms | ActiveRecord: 0.3ms)


Started GET "/cats.1" for ::1 at 2022-05-27 14:22:56 -0700
Processing by CatsController#index as 
  Rendering cats/index.html.erb within layouts/application
  [1m[36mCat Load (0.4ms)[0m  [1m[34mSELECT "cats".* FROM "cats"[0m
  ↳ app/views/cats/index.html.erb:4
  Rendered cats/index.html.erb within layouts/application (1.4ms)
Completed 200 OK in 22ms (Views: 20.9ms | ActiveRecord: 0.4ms)


Started GET "/cats.1" for ::1 at 2022-05-27 14:22:56 -0700
Processing by CatsController#index as 
  Rendering cats/index.html.erb within layouts/application
  [1m[36mCat Load (0.3ms)[0m  [1m[34mSELECT "cats".* FROM "cats"[0m
  ↳ app/views/cats/index.html.erb:4
  Rendered cats/index.html.erb within layouts/application (1.3ms)
Completed 200 OK in 24ms (Views: 23.0ms | ActiveRecord: 0.3ms)


Started GET "/cats.1" for ::1 at 2022-05-27 14:22:56 -0700
Processing by CatsController#index as 
  Rendering cats/index.html.erb within layouts/application
  [1m[36mCat Load (0.3ms)[0m  [1m[34mSELECT "cats".* FROM "cats"[0m
  ↳ app/views/cats/index.html.erb:4
  Rendered cats/index.html.erb within layouts/application (1.3ms)
Completed 200 OK in 24ms (Views: 23.1ms | ActiveRecord: 0.3ms)


Started GET "/cats.1" for ::1 at 2022-05-27 14:22:56 -0700
Processing by CatsController#index as 
  Rendering cats/index.html.erb within layouts/application
  [1m[36mCat Load (0.3ms)[0m  [1m[34mSELECT "cats".* FROM "cats"[0m
  ↳ app/views/cats/index.html.erb:4
  Rendered cats/index.html.erb within layouts/application (1.6ms)
Completed 200 OK in 30ms (Views: 29.4ms | ActiveRecord: 0.3ms)


Started GET "/cats.1" for ::1 at 2022-05-27 14:23:20 -0700
Processing by CatsController#index as 
  Rendering cats/index.html.erb within layouts/application
  [1m[36mCat Load (0.3ms)[0m  [1m[34mSELECT "cats".* FROM "cats"[0m
  ↳ app/views/cats/index.html.erb:4
  Rendered cats/index.html.erb within layouts/application (1.3ms)
Completed 200 OK in 23ms (Views: 22.7ms | ActiveRecord: 0.3ms)


Started GET "/cats/1" for ::1 at 2022-05-27 14:23:21 -0700
Processing by CatsController#show as HTML
  Parameters: {"id"=>"1"}
  [1m[36mCat Load (0.4ms)[0m  [1m[34mSELECT  "cats".* FROM "cats" WHERE "cats"."id" = $1 LIMIT $2[0m  [["id", 1], ["LIMIT", 1]]
  ↳ app/controllers/cats_controller.rb:8
  Rendering cats/show.html.erb within layouts/application
  Rendered cats/show.html.erb within layouts/application (0.4ms)
Completed 200 OK in 20ms (Views: 18.0ms | ActiveRecord: 0.4ms)


Started GET "/cats/1" for ::1 at 2022-05-27 14:24:09 -0700
Processing by CatsController#show as HTML
  Parameters: {"id"=>"1"}
  [1m[36mCat Load (0.2ms)[0m  [1m[34mSELECT  "cats".* FROM "cats" WHERE "cats"."id" = $1 LIMIT $2[0m  [["id", 1], ["LIMIT", 1]]
  ↳ app/controllers/cats_controller.rb:8
  Rendering cats/show.html.erb within layouts/application
  Rendered cats/show.html.erb within layouts/application (0.3ms)
Completed 200 OK in 14ms (Views: 12.5ms | ActiveRecord: 0.2ms)


Started GET "/cats/1" for ::1 at 2022-05-27 14:24:11 -0700
Processing by CatsController#show as HTML
  Parameters: {"id"=>"1"}
  [1m[36mCat Load (0.3ms)[0m  [1m[34mSELECT  "cats".* FROM "cats" WHERE "cats"."id" = $1 LIMIT $2[0m  [["id", 1], ["LIMIT", 1]]
  ↳ app/controllers/cats_controller.rb:8
  Rendering cats/show.html.erb within layouts/application
  Rendered cats/show.html.erb within layouts/application (0.4ms)
Completed 200 OK in 16ms (Views: 14.9ms | ActiveRecord: 0.3ms)


Started GET "/cats/1" for ::1 at 2022-05-27 14:24:16 -0700
Processing by CatsController#show as HTML
  Parameters: {"id"=>"1"}
  [1m[36mCat Load (0.3ms)[0m  [1m[34mSELECT  "cats".* FROM "cats" WHERE "cats"."id" = $1 LIMIT $2[0m  [["id", 1], ["LIMIT", 1]]
  ↳ app/controllers/cats_controller.rb:8
  Rendering cats/show.html.erb within layouts/application
  Rendered cats/show.html.erb within layouts/application (0.3ms)
Completed 200 OK in 13ms (Views: 11.4ms | ActiveRecord: 0.3ms)


Started GET "/cats/1" for ::1 at 2022-05-27 14:24:22 -0700
Processing by CatsController#show as HTML
  Parameters: {"id"=>"1"}
  [1m[36mCat Load (0.2ms)[0m  [1m[34mSELECT  "cats".* FROM "cats" WHERE "cats"."id" = $1 LIMIT $2[0m  [["id", 1], ["LIMIT", 1]]
  ↳ app/controllers/cats_controller.rb:8
  Rendering cats/show.html.erb within layouts/application
  Rendered cats/show.html.erb within layouts/application (0.4ms)
Completed 200 OK in 17ms (Views: 15.7ms | ActiveRecord: 0.2ms)


Started GET "/cats/1" for ::1 at 2022-05-27 14:24:28 -0700
Processing by CatsController#show as HTML
  Parameters: {"id"=>"1"}
  [1m[36mCat Load (0.2ms)[0m  [1m[34mSELECT  "cats".* FROM "cats" WHERE "cats"."id" = $1 LIMIT $2[0m  [["id", 1], ["LIMIT", 1]]
  ↳ app/controllers/cats_controller.rb:8
  Rendering cats/show.html.erb within layouts/application
  Rendered cats/show.html.erb within layouts/application (0.4ms)
Completed 200 OK in 16ms (Views: 15.2ms | ActiveRecord: 0.2ms)


Started GET "/cats/1" for ::1 at 2022-05-27 14:26:31 -0700
Processing by CatsController#show as HTML
  Parameters: {"id"=>"1"}
  [1m[36mCat Load (0.2ms)[0m  [1m[34mSELECT  "cats".* FROM "cats" WHERE "cats"."id" = $1 LIMIT $2[0m  [["id", 1], ["LIMIT", 1]]
  ↳ app/controllers/cats_controller.rb:8
  Rendering cats/show.html.erb within layouts/application
  Rendered cats/show.html.erb within layouts/application (0.6ms)
Completed 200 OK in 17ms (Views: 15.3ms | ActiveRecord: 0.2ms)


Started GET "/cats/1" for ::1 at 2022-05-27 14:26:47 -0700
Processing by CatsController#show as HTML
  Parameters: {"id"=>"1"}
  [1m[36mCat Load (0.2ms)[0m  [1m[34mSELECT  "cats".* FROM "cats" WHERE "cats"."id" = $1 LIMIT $2[0m  [["id", 1], ["LIMIT", 1]]
  ↳ app/controllers/cats_controller.rb:8
  Rendering cats/show.html.erb within layouts/application
  Rendered cats/show.html.erb within layouts/application (0.6ms)
Completed 200 OK in 16ms (Views: 14.1ms | ActiveRecord: 0.2ms)


Started GET "/cats/1" for ::1 at 2022-05-27 14:27:05 -0700
Processing by CatsController#show as HTML
  Parameters: {"id"=>"1"}
  [1m[36mCat Load (0.3ms)[0m  [1m[34mSELECT  "cats".* FROM "cats" WHERE "cats"."id" = $1 LIMIT $2[0m  [["id", 1], ["LIMIT", 1]]
  ↳ app/controllers/cats_controller.rb:8
  Rendering cats/show.html.erb within layouts/application
  Rendered cats/show.html.erb within layouts/application (0.4ms)
Completed 200 OK in 13ms (Views: 12.0ms | ActiveRecord: 0.3ms)


Started GET "/cats/1" for ::1 at 2022-05-27 14:29:31 -0700
Processing by CatsController#show as HTML
  Parameters: {"id"=>"1"}
  [1m[36mCat Load (0.4ms)[0m  [1m[34mSELECT  "cats".* FROM "cats" WHERE "cats"."id" = $1 LIMIT $2[0m  [["id", 1], ["LIMIT", 1]]
  ↳ app/controllers/cats_controller.rb:8
  Rendering cats/show.html.erb within layouts/application
  Rendered cats/show.html.erb within layouts/application (185.1ms)
Completed 500 Internal Server Error in 195ms (ActiveRecord: 0.4ms)



NameError - undefined local variable or method `cat' for #<#<Class:0x000000010df277a0>:0x000000010cb6ca08>
Did you mean?  @cat:
  app/views/cats/show.html.erb:19:in `_app_views_cats_show_html_erb__1773443229517843165_2254125720'
  app/controllers/cats_controller.rb:9:in `show'

Started POST "/__better_errors/65302260d5ceb069/variables" for ::1 at 2022-05-27 14:29:32 -0700
Started GET "/cats/1" for ::1 at 2022-05-27 14:31:06 -0700
Processing by CatsController#show as HTML
  Parameters: {"id"=>"1"}
  [1m[36mCat Load (0.2ms)[0m  [1m[34mSELECT  "cats".* FROM "cats" WHERE "cats"."id" = $1 LIMIT $2[0m  [["id", 1], ["LIMIT", 1]]
  ↳ app/controllers/cats_controller.rb:8
  Rendering cats/show.html.erb within layouts/application
  Rendered cats/show.html.erb within layouts/application (0.8ms)
Completed 200 OK in 20ms (Views: 18.2ms | ActiveRecord: 0.2ms)


Started GET "/cats/1" for ::1 at 2022-05-27 14:31:39 -0700
Processing by CatsController#show as HTML
  Parameters: {"id"=>"1"}
  [1m[36mCat Load (0.2ms)[0m  [1m[34mSELECT  "cats".* FROM "cats" WHERE "cats"."id" = $1 LIMIT $2[0m  [["id", 1], ["LIMIT", 1]]
  ↳ app/controllers/cats_controller.rb:8
  Rendering cats/show.html.erb within layouts/application
  Rendered cats/show.html.erb within layouts/application (259.9ms)
Completed 500 Internal Server Error in 265ms (ActiveRecord: 0.2ms)



NameError - undefined local variable or method `cat' for #<#<Class:0x000000010df277a0>:0x000000010dc454b0>
Did you mean?  @cat:
  app/views/cats/show.html.erb:27:in `_app_views_cats_show_html_erb__1773443229517843165_2262954660'
  app/controllers/cats_controller.rb:9:in `show'

Started POST "/__better_errors/916a88539b438c23/variables" for ::1 at 2022-05-27 14:31:40 -0700
Started GET "/cats/1" for ::1 at 2022-05-27 14:31:47 -0700
Processing by CatsController#show as HTML
  Parameters: {"id"=>"1"}
  [1m[36mCat Load (0.2ms)[0m  [1m[34mSELECT  "cats".* FROM "cats" WHERE "cats"."id" = $1 LIMIT $2[0m  [["id", 1], ["LIMIT", 1]]
  ↳ app/controllers/cats_controller.rb:8
  Rendering cats/show.html.erb within layouts/application
  Rendered cats/show.html.erb within layouts/application (0.7ms)
Completed 200 OK in 17ms (Views: 15.9ms | ActiveRecord: 0.2ms)


Started GET "/cats/1" for ::1 at 2022-05-27 14:31:59 -0700
Processing by CatsController#show as HTML
  Parameters: {"id"=>"1"}
  [1m[36mCat Load (0.1ms)[0m  [1m[34mSELECT  "cats".* FROM "cats" WHERE "cats"."id" = $1 LIMIT $2[0m  [["id", 1], ["LIMIT", 1]]
  ↳ app/controllers/cats_controller.rb:8
  Rendering cats/show.html.erb within layouts/application
  Rendered cats/show.html.erb within layouts/application (0.5ms)
Completed 200 OK in 15ms (Views: 14.3ms | ActiveRecord: 0.1ms)


Started GET "/cats/1" for ::1 at 2022-05-27 14:32:33 -0700
Processing by CatsController#show as HTML
  Parameters: {"id"=>"1"}
  [1m[36mCat Load (0.2ms)[0m  [1m[34mSELECT  "cats".* FROM "cats" WHERE "cats"."id" = $1 LIMIT $2[0m  [["id", 1], ["LIMIT", 1]]
  ↳ app/controllers/cats_controller.rb:8
  Rendering cats/show.html.erb within layouts/application
  Rendered cats/show.html.erb within layouts/application (3.9ms)
Completed 200 OK in 26ms (Views: 23.9ms | ActiveRecord: 0.2ms)


Started GET "/cats/new" for ::1 at 2022-05-27 14:41:45 -0700
Processing by CatsController#new as HTML
  Rendering cats/new.html.erb within layouts/application
  Rendered cats/new.html.erb within layouts/application (0.4ms)
Completed 200 OK in 16ms (Views: 15.9ms | ActiveRecord: 0.0ms)


Started GET "/cats/new" for ::1 at 2022-05-27 14:42:50 -0700
Processing by CatsController#new as HTML
  Rendering cats/new.html.erb within layouts/application
  Rendered cats/new.html.erb within layouts/application (0.3ms)
Completed 200 OK in 35ms (Views: 20.7ms | ActiveRecord: 6.5ms)


Started GET "/cats/new" for ::1 at 2022-05-27 14:43:44 -0700
Processing by CatsController#new as HTML
  Rendering cats/new.html.erb within layouts/application
  Rendered cats/new.html.erb within layouts/application (0.6ms)
Completed 200 OK in 17ms (Views: 16.1ms | ActiveRecord: 0.0ms)


Started GET "/cats/new" for ::1 at 2022-05-27 14:44:55 -0700
Processing by CatsController#new as HTML
  Rendering cats/new.html.erb within layouts/application
  Rendered cats/new.html.erb within layouts/application (0.5ms)
Completed 200 OK in 16ms (Views: 15.5ms | ActiveRecord: 0.0ms)


Started GET "/cats/new" for ::1 at 2022-05-27 14:45:11 -0700
Processing by CatsController#new as HTML
  Rendering cats/new.html.erb within layouts/application
  Rendered cats/new.html.erb within layouts/application (0.4ms)
Completed 200 OK in 18ms (Views: 17.0ms | ActiveRecord: 0.0ms)


Started GET "/cats/new" for ::1 at 2022-05-27 14:45:21 -0700
Processing by CatsController#new as HTML
  Rendering cats/new.html.erb within layouts/application
  Rendered cats/new.html.erb within layouts/application (0.5ms)
Completed 200 OK in 15ms (Views: 14.1ms | ActiveRecord: 0.0ms)


Started GET "/cats/new" for ::1 at 2022-05-27 14:45:22 -0700
Processing by CatsController#new as HTML
  Rendering cats/new.html.erb within layouts/application
  Rendered cats/new.html.erb within layouts/application (0.4ms)
Completed 200 OK in 20ms (Views: 19.8ms | ActiveRecord: 0.0ms)


Started GET "/cats/new" for ::1 at 2022-05-27 14:45:38 -0700
Processing by CatsController#new as HTML
  Rendering cats/new.html.erb within layouts/application
  Rendered cats/new.html.erb within layouts/application (0.5ms)
Completed 200 OK in 15ms (Views: 14.7ms | ActiveRecord: 0.0ms)


  [1m[36mCat Load (0.4ms)[0m  [1m[34mSELECT  "cats".* FROM "cats" ORDER BY "cats"."id" ASC LIMIT $1[0m  [["LIMIT", 1]]
  [1m[36mCat Load (0.3ms)[0m  [1m[34mSELECT  "cats".* FROM "cats" ORDER BY "cats"."id" ASC LIMIT $1[0m  [["LIMIT", 1]]
Started GET "/cats/new" for ::1 at 2022-05-27 14:51:17 -0700
Processing by CatsController#new as HTML
  Rendering cats/new.html.erb within layouts/application
  Rendered cats/new.html.erb within layouts/application (0.5ms)
Completed 200 OK in 31ms (Views: 17.7ms | ActiveRecord: 5.9ms)


Started GET "/cats/new" for ::1 at 2022-05-27 14:56:11 -0700
Processing by CatsController#new as HTML
  Rendering cats/new.html.erb within layouts/application
  Rendered cats/new.html.erb within layouts/application (0.9ms)
Completed 200 OK in 23ms (Views: 21.6ms | ActiveRecord: 0.0ms)


Started GET "/cats/new" for ::1 at 2022-05-27 14:56:58 -0700
Processing by CatsController#new as HTML
  Rendering cats/new.html.erb within layouts/application
  Rendered cats/new.html.erb within layouts/application (0.7ms)
Completed 200 OK in 18ms (Views: 17.7ms | ActiveRecord: 0.0ms)


Started GET "/cats/new" for ::1 at 2022-05-27 14:58:37 -0700
Processing by CatsController#new as HTML
  Rendering cats/new.html.erb within layouts/application
  Rendered cats/new.html.erb within layouts/application (0.7ms)
Completed 200 OK in 18ms (Views: 17.2ms | ActiveRecord: 0.0ms)


Started GET "/cats/new" for ::1 at 2022-05-27 15:00:56 -0700
Processing by CatsController#new as HTML
  Rendering cats/new.html.erb within layouts/application
  Rendered cats/new.html.erb within layouts/application (0.8ms)
Completed 200 OK in 21ms (Views: 20.1ms | ActiveRecord: 0.0ms)


Started GET "/cats/new" for ::1 at 2022-05-27 15:01:12 -0700
Processing by CatsController#new as HTML
  Rendering cats/new.html.erb within layouts/application
  Rendered cats/new.html.erb within layouts/application (0.6ms)
Completed 200 OK in 14ms (Views: 13.2ms | ActiveRecord: 0.0ms)


Started GET "/cats/new" for ::1 at 2022-05-27 15:03:31 -0700
Processing by CatsController#new as HTML
  Rendering cats/new.html.erb within layouts/application
  Rendered cats/new.html.erb within layouts/application (0.8ms)
Completed 200 OK in 19ms (Views: 18.6ms | ActiveRecord: 0.0ms)


Started GET "/cats/new" for ::1 at 2022-05-27 15:03:49 -0700
Processing by CatsController#new as HTML
  Rendering cats/new.html.erb within layouts/application
  Rendered cats/new.html.erb within layouts/application (0.8ms)
Completed 200 OK in 19ms (Views: 18.2ms | ActiveRecord: 0.0ms)


Started GET "/cats/new" for ::1 at 2022-05-27 15:04:34 -0700
Processing by CatsController#new as HTML
  Rendering cats/new.html.erb within layouts/application
  Rendered cats/new.html.erb within layouts/application (0.6ms)
Completed 200 OK in 14ms (Views: 13.2ms | ActiveRecord: 0.0ms)


Started GET "/cats/new" for ::1 at 2022-05-27 15:04:42 -0700
Processing by CatsController#new as HTML
  Rendering cats/new.html.erb within layouts/application
  Rendered cats/new.html.erb within layouts/application (0.5ms)
Completed 200 OK in 16ms (Views: 15.7ms | ActiveRecord: 0.0ms)


Started GET "/cats/new" for ::1 at 2022-05-27 15:04:57 -0700
Processing by CatsController#new as HTML
  Rendering cats/new.html.erb within layouts/application
  Rendered cats/new.html.erb within layouts/application (0.5ms)
Completed 200 OK in 15ms (Views: 14.3ms | ActiveRecord: 0.0ms)


Started GET "/cats/new" for ::1 at 2022-05-27 15:05:58 -0700
Processing by CatsController#new as HTML
  Rendering cats/new.html.erb within layouts/application
  Rendered cats/new.html.erb within layouts/application (0.5ms)
Completed 200 OK in 16ms (Views: 15.1ms | ActiveRecord: 0.0ms)


Started GET "/cats/new" for ::1 at 2022-05-27 15:06:06 -0700
Processing by CatsController#new as HTML
  Rendering cats/new.html.erb within layouts/application
  Rendered cats/new.html.erb within layouts/application (0.6ms)
Completed 200 OK in 14ms (Views: 13.7ms | ActiveRecord: 0.0ms)


Started GET "/cats/new" for ::1 at 2022-05-27 15:06:07 -0700
Processing by CatsController#new as HTML
  Rendering cats/new.html.erb within layouts/application
  Rendered cats/new.html.erb within layouts/application (0.6ms)
Completed 200 OK in 16ms (Views: 15.1ms | ActiveRecord: 0.0ms)


Started GET "/cats/new" for ::1 at 2022-05-27 15:06:14 -0700
Processing by CatsController#new as HTML
  Rendering cats/new.html.erb within layouts/application
  Rendered cats/new.html.erb within layouts/application (0.5ms)
Completed 200 OK in 13ms (Views: 12.8ms | ActiveRecord: 0.0ms)


Started GET "/cats/new" for ::1 at 2022-05-27 15:06:15 -0700
Processing by CatsController#new as HTML
  Rendering cats/new.html.erb within layouts/application
  Rendered cats/new.html.erb within layouts/application (0.5ms)
Completed 200 OK in 13ms (Views: 12.3ms | ActiveRecord: 0.0ms)


Started GET "/cats/new" for ::1 at 2022-05-27 15:06:26 -0700
Processing by CatsController#new as HTML
  Rendering cats/new.html.erb within layouts/application
  Rendered cats/new.html.erb within layouts/application (0.4ms)
Completed 200 OK in 19ms (Views: 11.2ms | ActiveRecord: 0.0ms)


Started GET "/cats/new" for ::1 at 2022-05-27 15:06:28 -0700
Processing by CatsController#new as HTML
  Rendering cats/new.html.erb within layouts/application
  Rendered cats/new.html.erb within layouts/application (0.5ms)
Completed 200 OK in 13ms (Views: 12.2ms | ActiveRecord: 0.0ms)


Started GET "/cats/new" for ::1 at 2022-05-27 15:06:29 -0700
Processing by CatsController#new as HTML
  Rendering cats/new.html.erb within layouts/application
  Rendered cats/new.html.erb within layouts/application (0.5ms)
Completed 200 OK in 13ms (Views: 12.9ms | ActiveRecord: 0.0ms)


Started GET "/cats/new" for ::1 at 2022-05-27 15:06:30 -0700
Processing by CatsController#new as HTML
  Rendering cats/new.html.erb within layouts/application
  Rendered cats/new.html.erb within layouts/application (0.6ms)
Completed 200 OK in 21ms (Views: 20.5ms | ActiveRecord: 0.0ms)


Started GET "/cats/new" for ::1 at 2022-05-27 15:06:31 -0700
Processing by CatsController#new as HTML
  Rendering cats/new.html.erb within layouts/application
  Rendered cats/new.html.erb within layouts/application (0.5ms)
Completed 200 OK in 12ms (Views: 11.7ms | ActiveRecord: 0.0ms)


Started GET "/cats/new" for ::1 at 2022-05-27 15:06:32 -0700
Processing by CatsController#new as HTML
  Rendering cats/new.html.erb within layouts/application
  Rendered cats/new.html.erb within layouts/application (0.5ms)
Completed 200 OK in 11ms (Views: 11.0ms | ActiveRecord: 0.0ms)


Started GET "/cats/new" for ::1 at 2022-05-27 15:06:33 -0700
Processing by CatsController#new as HTML
  Rendering cats/new.html.erb within layouts/application
  Rendered cats/new.html.erb within layouts/application (0.5ms)
Completed 200 OK in 12ms (Views: 11.8ms | ActiveRecord: 0.0ms)


Started GET "/cats/new" for ::1 at 2022-05-27 15:06:36 -0700
Processing by CatsController#new as HTML
  Rendering cats/new.html.erb within layouts/application
  Rendered cats/new.html.erb within layouts/application (0.5ms)
Completed 200 OK in 14ms (Views: 13.1ms | ActiveRecord: 0.0ms)


Started GET "/cats/new" for ::1 at 2022-05-27 15:06:37 -0700
Processing by CatsController#new as HTML
  Rendering cats/new.html.erb within layouts/application
  Rendered cats/new.html.erb within layouts/application (0.4ms)
Completed 200 OK in 13ms (Views: 12.4ms | ActiveRecord: 0.0ms)


Started GET "/cats/new" for ::1 at 2022-05-27 15:06:38 -0700
Processing by CatsController#new as HTML
  Rendering cats/new.html.erb within layouts/application
  Rendered cats/new.html.erb within layouts/application (0.6ms)
Completed 200 OK in 17ms (Views: 16.8ms | ActiveRecord: 0.0ms)


Started GET "/cats/new" for ::1 at 2022-05-27 15:06:39 -0700
Processing by CatsController#new as HTML
  Rendering cats/new.html.erb within layouts/application
  Rendered cats/new.html.erb within layouts/application (0.5ms)
Completed 200 OK in 15ms (Views: 14.0ms | ActiveRecord: 0.0ms)


Started GET "/cats/new" for ::1 at 2022-05-27 15:07:34 -0700
Processing by CatsController#new as HTML
  Rendering cats/new.html.erb within layouts/application
  Rendered cats/_form.html.erb (0.6ms)
  Rendered cats/new.html.erb within layouts/application (2.0ms)
Completed 200 OK in 17ms (Views: 16.4ms | ActiveRecord: 0.0ms)


Started GET "/cats/new" for ::1 at 2022-05-27 15:07:36 -0700
Processing by CatsController#new as HTML
  Rendering cats/new.html.erb within layouts/application
  Rendered cats/_form.html.erb (0.4ms)
  Rendered cats/new.html.erb within layouts/application (1.7ms)
Completed 200 OK in 16ms (Views: 15.2ms | ActiveRecord: 0.0ms)


Started GET "/cats/new" for ::1 at 2022-05-27 15:07:37 -0700
Processing by CatsController#new as HTML
  Rendering cats/new.html.erb within layouts/application
  Rendered cats/_form.html.erb (0.4ms)
  Rendered cats/new.html.erb within layouts/application (1.6ms)
Completed 200 OK in 15ms (Views: 14.6ms | ActiveRecord: 0.0ms)


Started GET "/cats/new" for ::1 at 2022-05-27 15:07:38 -0700
Processing by CatsController#new as HTML
  Rendering cats/new.html.erb within layouts/application
  Rendered cats/_form.html.erb (0.4ms)
  Rendered cats/new.html.erb within layouts/application (1.5ms)
Completed 200 OK in 13ms (Views: 12.7ms | ActiveRecord: 0.0ms)


Started POST "/cats" for ::1 at 2022-05-27 15:08:15 -0700
Processing by CatsController#create as HTML
  Parameters: {"cat"=>{"name"=>"Blueberry", "sex"=>"F", "color"=>"white", "description"=>"A very blue cat"}, "cats"=>{"birth_date"=>"2021-12-30"}}
No template found for CatsController#create, rendering head :no_content
Completed 204 No Content in 48ms (ActiveRecord: 0.0ms)


Started POST "/cats" for ::1 at 2022-05-27 15:10:46 -0700
Processing by CatsController#create as HTML
  Parameters: {"cat"=>{"name"=>"Blueberry", "sex"=>"F", "color"=>"white", "description"=>"A very blue cat"}, "cats"=>{"birth_date"=>"2021-12-30"}}
  [1m[35m (0.1ms)[0m  [1m[35mBEGIN[0m
  ↳ app/controllers/cats_controller.rb:22
  [1m[35m (1.3ms)[0m  [1m[31mROLLBACK[0m
  ↳ app/controllers/cats_controller.rb:22
  Rendering cats/new.html.erb within layouts/application
  Rendered cats/_form.html.erb (0.5ms)
  Rendered cats/new.html.erb within layouts/application (1.7ms)
Completed 200 OK in 38ms (Views: 20.4ms | ActiveRecord: 7.2ms)


Started POST "/cats" for ::1 at 2022-05-27 15:12:00 -0700
Processing by CatsController#create as HTML
  Parameters: {"cat"=>{"name"=>"Blueberry", "sex"=>"F", "color"=>"white", "description"=>"A Very Blue Cat!"}, "cats"=>{"birth_date"=>"2021-12-02"}}
  [1m[35m (0.1ms)[0m  [1m[35mBEGIN[0m
  ↳ app/controllers/cats_controller.rb:23
  [1m[35m (0.1ms)[0m  [1m[31mROLLBACK[0m
  ↳ app/controllers/cats_controller.rb:23
  Rendering cats/new.html.erb within layouts/application
  Rendered cats/_form.html.erb (0.4ms)
  Rendered cats/new.html.erb within layouts/application (1.4ms)
Completed 200 OK in 31ms (Views: 16.6ms | ActiveRecord: 5.7ms)


Started POST "/cats" for ::1 at 2022-05-27 15:12:45 -0700
  [1m[35m (1.3ms)[0m  [1m[34mSELECT "schema_migrations"."version" FROM "schema_migrations" ORDER BY "schema_migrations"."version" ASC[0m
  ↳ /Users/lucyluo/.rbenv/versions/2.5.1/lib/ruby/gems/2.5.0/gems/activerecord-5.2.8/lib/active_record/log_subscriber.rb:98
Processing by CatsController#create as HTML
  Parameters: {"cat"=>{"name"=>"Blueberry", "sex"=>"F", "color"=>"white", "birth_date"=>"2022-02-11", "description"=>"    Blue cat"}}
  [1m[35m (0.1ms)[0m  [1m[35mBEGIN[0m
  ↳ app/controllers/cats_controller.rb:23
  [1m[36mCat Create (1.5ms)[0m  [1m[32mINSERT INTO "cats" ("birth_date", "color", "name", "sex", "description", "created_at", "updated_at") VALUES ($1, $2, $3, $4, $5, $6, $7) RETURNING "id"[0m  [["birth_date", "2022-02-11"], ["color", "white"], ["name", "Blueberry"], ["sex", "F"], ["description", "    Blue cat"], ["created_at", "2022-05-27 22:12:45.661939"], ["updated_at", "2022-05-27 22:12:45.661939"]]
  ↳ app/controllers/cats_controller.rb:23
  [1m[35m (1.2ms)[0m  [1m[35mCOMMIT[0m
  ↳ app/controllers/cats_controller.rb:23
Redirected to http://localhost:3000/cats
Completed 302 Found in 16ms (ActiveRecord: 6.2ms)


Started GET "/cats" for ::1 at 2022-05-27 15:12:45 -0700
Processing by CatsController#index as HTML
  Rendering cats/index.html.erb within layouts/application
  [1m[36mCat Load (0.5ms)[0m  [1m[34mSELECT "cats".* FROM "cats"[0m
  ↳ app/views/cats/index.html.erb:4
  Rendered cats/index.html.erb within layouts/application (2.3ms)
Completed 200 OK in 135ms (Views: 134.4ms | ActiveRecord: 0.5ms)


Started GET "/cats/3" for ::1 at 2022-05-27 15:12:58 -0700
Processing by CatsController#show as HTML
  Parameters: {"id"=>"3"}
  [1m[36mCat Load (0.5ms)[0m  [1m[34mSELECT  "cats".* FROM "cats" WHERE "cats"."id" = $1 LIMIT $2[0m  [["id", 3], ["LIMIT", 1]]
  ↳ app/controllers/cats_controller.rb:8
  Rendering cats/show.html.erb within layouts/application
  Rendered cats/show.html.erb within layouts/application (3.1ms)
Completed 200 OK in 35ms (Views: 30.6ms | ActiveRecord: 0.7ms)


  [1m[36mCat Load (0.5ms)[0m  [1m[34mSELECT "cats".* FROM "cats"[0m
Started GET "/cats/new" for ::1 at 2022-05-27 15:14:22 -0700
Processing by CatsController#new as HTML
  Rendering cats/new.html.erb within layouts/application
  Rendered cats/_form.html.erb (0.7ms)
  Rendered cats/new.html.erb within layouts/application (2.8ms)
Completed 200 OK in 23ms (Views: 22.4ms | ActiveRecord: 0.0ms)


Started POST "/cats" for ::1 at 2022-05-27 15:14:39 -0700
Processing by CatsController#create as HTML
  Parameters: {"cat"=>{"name"=>"Jerry", "sex"=>"F", "color"=>"orange", "birth_date"=>"2022-02-03", "description"=>"    My name is jerry"}}
  [1m[35m (0.1ms)[0m  [1m[35mBEGIN[0m
  ↳ app/controllers/cats_controller.rb:23
  [1m[36mCat Create (0.4ms)[0m  [1m[32mINSERT INTO "cats" ("birth_date", "color", "name", "sex", "description", "created_at", "updated_at") VALUES ($1, $2, $3, $4, $5, $6, $7) RETURNING "id"[0m  [["birth_date", "2022-02-03"], ["color", "orange"], ["name", "Jerry"], ["sex", "F"], ["description", "    My name is jerry"], ["created_at", "2022-05-27 22:14:39.152543"], ["updated_at", "2022-05-27 22:14:39.152543"]]
  ↳ app/controllers/cats_controller.rb:23
  [1m[35m (0.3ms)[0m  [1m[35mCOMMIT[0m
  ↳ app/controllers/cats_controller.rb:23
Redirected to http://localhost:3000/cats
Completed 302 Found in 4ms (ActiveRecord: 0.9ms)


Started GET "/cats" for ::1 at 2022-05-27 15:14:39 -0700
Processing by CatsController#index as HTML
  Rendering cats/index.html.erb within layouts/application
  [1m[36mCat Load (0.3ms)[0m  [1m[34mSELECT "cats".* FROM "cats"[0m
  ↳ app/views/cats/index.html.erb:4
  Rendered cats/index.html.erb within layouts/application (1.5ms)
Completed 200 OK in 16ms (Views: 15.4ms | ActiveRecord: 0.3ms)


Started GET "/cats/4" for ::1 at 2022-05-27 15:14:41 -0700
Processing by CatsController#show as HTML
  Parameters: {"id"=>"4"}
  [1m[36mCat Load (0.3ms)[0m  [1m[34mSELECT  "cats".* FROM "cats" WHERE "cats"."id" = $1 LIMIT $2[0m  [["id", 4], ["LIMIT", 1]]
  ↳ app/controllers/cats_controller.rb:8
  Rendering cats/show.html.erb within layouts/application
  Rendered cats/show.html.erb within layouts/application (0.8ms)
Completed 200 OK in 17ms (Views: 15.3ms | ActiveRecord: 0.3ms)


Started GET "/cats/new" for ::1 at 2022-05-27 15:16:03 -0700
Processing by CatsController#new as HTML
  Rendering cats/new.html.erb within layouts/application
  Rendered cats/_form.html.erb (0.4ms)
  Rendered cats/new.html.erb within layouts/application (1.6ms)
Completed 200 OK in 29ms (Views: 16.4ms | ActiveRecord: 4.7ms)


Started POST "/cats" for ::1 at 2022-05-27 15:16:49 -0700
Processing by CatsController#create as HTML
  Parameters: {"cat"=>{"name"=>"Gill", "sex"=>"M", "color"=>"white", "birth_date"=>"2022-05-03", "description"=>"This cat is Gill"}}
  [1m[35m (0.4ms)[0m  [1m[35mBEGIN[0m
  ↳ app/controllers/cats_controller.rb:25
  [1m[36mCat Create (0.5ms)[0m  [1m[32mINSERT INTO "cats" ("birth_date", "color", "name", "sex", "description", "created_at", "updated_at") VALUES ($1, $2, $3, $4, $5, $6, $7) RETURNING "id"[0m  [["birth_date", "2022-05-03"], ["color", "white"], ["name", "Gill"], ["sex", "M"], ["description", "This cat is Gill"], ["created_at", "2022-05-27 22:16:49.657049"], ["updated_at", "2022-05-27 22:16:49.657049"]]
  ↳ app/controllers/cats_controller.rb:25
  [1m[35m (0.9ms)[0m  [1m[35mCOMMIT[0m
  ↳ app/controllers/cats_controller.rb:25
Redirected to http://localhost:3000/cats
Completed 302 Found in 9ms (ActiveRecord: 1.7ms)


Started GET "/cats" for ::1 at 2022-05-27 15:16:49 -0700
Processing by CatsController#index as HTML
  Rendering cats/index.html.erb within layouts/application
  [1m[36mCat Load (0.5ms)[0m  [1m[34mSELECT "cats".* FROM "cats"[0m
  ↳ app/views/cats/index.html.erb:4
  Rendered cats/index.html.erb within layouts/application (2.4ms)
Completed 200 OK in 36ms (Views: 34.7ms | ActiveRecord: 0.5ms)


Started GET "/cats/5" for ::1 at 2022-05-27 15:16:52 -0700
Processing by CatsController#show as HTML
  Parameters: {"id"=>"5"}
  [1m[36mCat Load (0.4ms)[0m  [1m[34mSELECT  "cats".* FROM "cats" WHERE "cats"."id" = $1 LIMIT $2[0m  [["id", 5], ["LIMIT", 1]]
  ↳ app/controllers/cats_controller.rb:8
  Rendering cats/show.html.erb within layouts/application
  Rendered cats/show.html.erb within layouts/application (1.0ms)
Completed 200 OK in 23ms (Views: 20.3ms | ActiveRecord: 0.4ms)


Started GET "/cats/new" for ::1 at 2022-05-27 15:17:28 -0700
Processing by CatsController#new as HTML
  Rendering cats/new.html.erb within layouts/application
  Rendered cats/_form.html.erb (0.6ms)
  Rendered cats/new.html.erb within layouts/application (2.2ms)
Completed 200 OK in 20ms (Views: 19.2ms | ActiveRecord: 0.0ms)


Started GET "/cats/new" for ::1 at 2022-05-27 15:17:39 -0700
Processing by CatsController#new as HTML
  Rendering cats/new.html.erb within layouts/application
  Rendered cats/_form.html.erb (0.8ms)
  Rendered cats/new.html.erb within layouts/application (2.9ms)
Completed 200 OK in 27ms (Views: 26.2ms | ActiveRecord: 0.0ms)


Started GET "/cats/new" for ::1 at 2022-05-27 15:18:20 -0700
Processing by CatsController#new as HTML
  Rendering cats/new.html.erb within layouts/application
  Rendered cats/_form.html.erb (0.5ms)
  Rendered cats/new.html.erb within layouts/application (2.1ms)
Completed 200 OK in 24ms (Views: 23.1ms | ActiveRecord: 0.0ms)


Started GET "/cats/new" for ::1 at 2022-05-27 15:18:27 -0700
Processing by CatsController#new as HTML
  Rendering cats/new.html.erb within layouts/application
  Rendered cats/_form.html.erb (0.8ms)
  Rendered cats/new.html.erb within layouts/application (3.2ms)
Completed 200 OK in 28ms (Views: 27.5ms | ActiveRecord: 0.0ms)


Started GET "/cats/new" for ::1 at 2022-05-27 15:18:36 -0700
Processing by CatsController#new as HTML
  Rendering cats/new.html.erb within layouts/application
  Rendered cats/_form.html.erb (0.7ms)
  Rendered cats/new.html.erb within layouts/application (2.5ms)
Completed 200 OK in 22ms (Views: 21.0ms | ActiveRecord: 0.0ms)


Started GET "/cats/new" for ::1 at 2022-05-27 15:18:41 -0700
Processing by CatsController#new as HTML
  Rendering cats/new.html.erb within layouts/application
  Rendered cats/_form.html.erb (0.4ms)
  Rendered cats/new.html.erb within layouts/application (1.6ms)
Completed 200 OK in 15ms (Views: 14.5ms | ActiveRecord: 0.0ms)


Started GET "/cats/new" for ::1 at 2022-05-27 15:35:50 -0700
  [1m[35m (0.5ms)[0m  [1m[34mSELECT "schema_migrations"."version" FROM "schema_migrations" ORDER BY "schema_migrations"."version" ASC[0m
  ↳ /Users/lucyluo/.rbenv/versions/2.5.1/lib/ruby/gems/2.5.0/gems/activerecord-5.2.8/lib/active_record/log_subscriber.rb:98
Processing by CatsController#new as HTML
  Rendering cats/new.html.erb within layouts/application
  Rendered cats/_form.html.erb (0.5ms)
  Rendered cats/new.html.erb within layouts/application (2.1ms)
Completed 200 OK in 145ms (Views: 132.4ms | ActiveRecord: 5.0ms)


Started GET "/cats/new" for ::1 at 2022-05-27 15:35:53 -0700
Processing by CatsController#new as HTML
  Rendering cats/new.html.erb within layouts/application
  Rendered cats/_form.html.erb (0.9ms)
  Rendered cats/new.html.erb within layouts/application (3.2ms)
Completed 200 OK in 28ms (Views: 27.1ms | ActiveRecord: 0.0ms)


Started GET "/cats/new" for ::1 at 2022-05-27 15:37:54 -0700
Processing by CatsController#new as HTML
  Rendering cats/new.html.erb within layouts/application
  Rendered cats/_form.html.erb (1.4ms)
  Rendered cats/new.html.erb within layouts/application (4.5ms)
Completed 200 OK in 36ms (Views: 33.8ms | ActiveRecord: 0.0ms)


Started GET "/cats/new" for ::1 at 2022-05-27 15:37:59 -0700
Processing by CatsController#new as HTML
  Rendering cats/new.html.erb within layouts/application
  Rendered cats/_form.html.erb (1.1ms)
  Rendered cats/new.html.erb within layouts/application (3.4ms)
Completed 200 OK in 31ms (Views: 30.0ms | ActiveRecord: 0.0ms)


Started GET "/cats/edit" for ::1 at 2022-05-27 15:38:04 -0700
Processing by CatsController#show as HTML
  Parameters: {"id"=>"edit"}
  [1m[36mCat Load (0.9ms)[0m  [1m[34mSELECT  "cats".* FROM "cats" WHERE "cats"."id" = $1 LIMIT $2[0m  [["id", 0], ["LIMIT", 1]]
  ↳ app/controllers/cats_controller.rb:8
Completed 404 Not Found in 14ms (ActiveRecord: 1.1ms)



ActiveRecord::RecordNotFound - Couldn't find Cat with 'id'=edit:
  app/controllers/cats_controller.rb:8:in `show'

Started POST "/__better_errors/b45d63162732ee61/variables" for ::1 at 2022-05-27 15:38:04 -0700
Started GET "/cats/1/edit" for ::1 at 2022-05-27 15:38:12 -0700
Processing by CatsController#edit as HTML
  Parameters: {"id"=>"1"}
Completed 500 Internal Server Error in 1ms (ActiveRecord: 0.0ms)



ArgumentError - Unsupported argument type: id (Symbol):
  app/controllers/cats_controller.rb:18:in `edit'

Started POST "/__better_errors/a734fca59ed7b625/variables" for ::1 at 2022-05-27 15:38:12 -0700
  [1m[36mCat Load (0.8ms)[0m  [1m[34mSELECT "cats".* FROM "cats"[0m
Started GET "/cats/1/edit" for ::1 at 2022-05-27 15:39:06 -0700
Processing by CatsController#edit as HTML
  Parameters: {"id"=>"1"}
  [1m[36mCat Load (0.4ms)[0m  [1m[34mSELECT  "cats".* FROM "cats" WHERE "cats"."id" = $1 LIMIT $2[0m  [["id", 1], ["LIMIT", 1]]
  ↳ app/controllers/cats_controller.rb:18
  Rendering cats/edit.html.erb within layouts/application
  Rendered cats/_form.html.erb (0.6ms)
  Rendered cats/edit.html.erb within layouts/application (1.8ms)
Completed 200 OK in 37ms (Views: 15.8ms | ActiveRecord: 6.6ms)


Started GET "/cats/1/edit" for ::1 at 2022-05-27 15:39:41 -0700
Processing by CatsController#edit as HTML
  Parameters: {"id"=>"1"}
  [1m[36mCat Load (0.2ms)[0m  [1m[34mSELECT  "cats".* FROM "cats" WHERE "cats"."id" = $1 LIMIT $2[0m  [["id", 1], ["LIMIT", 1]]
  ↳ app/controllers/cats_controller.rb:18
  Rendering cats/edit.html.erb within layouts/application
  Rendered cats/_form.html.erb (0.5ms)
  Rendered cats/edit.html.erb within layouts/application (1.6ms)
Completed 200 OK in 17ms (Views: 15.9ms | ActiveRecord: 0.2ms)


Started GET "/cats/1/edit" for ::1 at 2022-05-27 16:04:48 -0700
Processing by CatsController#edit as HTML
  Parameters: {"id"=>"1"}
  [1m[36mCat Load (0.4ms)[0m  [1m[34mSELECT  "cats".* FROM "cats" WHERE "cats"."id" = $1 LIMIT $2[0m  [["id", 1], ["LIMIT", 1]]
  ↳ app/controllers/cats_controller.rb:18
  Rendering cats/edit.html.erb within layouts/application
  Rendered cats/_form.html.erb (1.5ms)
  Rendered cats/edit.html.erb within layouts/application (2.9ms)
Completed 200 OK in 24ms (Views: 22.1ms | ActiveRecord: 0.5ms)


Started GET "/cats/1/edit" for ::1 at 2022-05-27 16:05:09 -0700
Processing by CatsController#edit as HTML
  Parameters: {"id"=>"1"}
  [1m[36mCat Load (0.4ms)[0m  [1m[34mSELECT  "cats".* FROM "cats" WHERE "cats"."id" = $1 LIMIT $2[0m  [["id", 1], ["LIMIT", 1]]
  ↳ app/controllers/cats_controller.rb:18
  Rendering cats/edit.html.erb within layouts/application
  Rendered cats/_form.html.erb (0.6ms)
  Rendered cats/edit.html.erb within layouts/application (1.7ms)
Completed 200 OK in 16ms (Views: 14.7ms | ActiveRecord: 0.4ms)


Started GET "/cats/1/edit" for ::1 at 2022-05-27 16:05:27 -0700
Processing by CatsController#edit as HTML
  Parameters: {"id"=>"1"}
  [1m[36mCat Load (0.2ms)[0m  [1m[34mSELECT  "cats".* FROM "cats" WHERE "cats"."id" = $1 LIMIT $2[0m  [["id", 1], ["LIMIT", 1]]
  ↳ app/controllers/cats_controller.rb:18
  Rendering cats/edit.html.erb within layouts/application
  Rendered cats/_form.html.erb (0.8ms)
  Rendered cats/edit.html.erb within layouts/application (2.2ms)
Completed 200 OK in 18ms (Views: 16.1ms | ActiveRecord: 0.2ms)


Started GET "/cats/1/edit" for ::1 at 2022-05-27 16:08:58 -0700
Processing by CatsController#edit as HTML
  Parameters: {"id"=>"1"}
  [1m[36mCat Load (0.3ms)[0m  [1m[34mSELECT  "cats".* FROM "cats" WHERE "cats"."id" = $1 LIMIT $2[0m  [["id", 1], ["LIMIT", 1]]
  ↳ app/controllers/cats_controller.rb:18
  Rendering cats/edit.html.erb within layouts/application
  Rendered cats/_form.html.erb (1.0ms)
  Rendered cats/edit.html.erb within layouts/application (4.3ms)
Completed 500 Internal Server Error in 10ms (ActiveRecord: 0.3ms)



SyntaxError - syntax error, unexpected ')', expecting keyword_then or ';' or '\n'
...ion == :new ? "selected" : "" );@output_buffer.safe_append='...
...                              ^
/Users/lucyluo/Work/App_Academy/aa_classwork/W6D5/cats99/app/views/cats/_form.html.erb:32: syntax error, unexpected ')', expecting keyword_then or ';' or '\n'
...or == color ? "selected" : "" );@output_buffer.safe_append='...
...                              ^
/Users/lucyluo/Work/App_Academy/aa_classwork/W6D5/cats99/app/views/cats/_form.html.erb:33: syntax error, unexpected keyword_end, expecting ')'
'.freeze;       end 
                ^~~
/Users/lucyluo/Work/App_Academy/aa_classwork/W6D5/cats99/app/views/cats/_form.html.erb:57: syntax error, unexpected keyword_ensure, expecting ')'
          ensure
          ^~~~~~
/Users/lucyluo/Work/App_Academy/aa_classwork/W6D5/cats99/app/views/cats/_form.html.erb:59: syntax error, unexpected keyword_end, expecting ')'
          end
          ^~~:
  app/views/cats/_form.html.erb:30:in `'
  app/views/cats/edit.html.erb:3:in `_app_views_cats_edit_html_erb___53001096739756996_2190359580'
  app/controllers/cats_controller.rb:19:in `edit'

Started POST "/__better_errors/d8e125f83aa968fe/variables" for ::1 at 2022-05-27 16:08:58 -0700
Started GET "/cats/1/edit" for ::1 at 2022-05-27 16:09:14 -0700
Processing by CatsController#edit as HTML
  Parameters: {"id"=>"1"}
  [1m[36mCat Load (0.3ms)[0m  [1m[34mSELECT  "cats".* FROM "cats" WHERE "cats"."id" = $1 LIMIT $2[0m  [["id", 1], ["LIMIT", 1]]
  ↳ app/controllers/cats_controller.rb:18
  Rendering cats/edit.html.erb within layouts/application
  Rendered cats/_form.html.erb (0.7ms)
  Rendered cats/edit.html.erb within layouts/application (1.8ms)
Completed 200 OK in 18ms (Views: 17.0ms | ActiveRecord: 0.3ms)


Started GET "/cats/new" for ::1 at 2022-05-27 16:09:29 -0700
Processing by CatsController#new as HTML
  Rendering cats/new.html.erb within layouts/application
  Rendered cats/_form.html.erb (0.7ms)
  Rendered cats/new.html.erb within layouts/application (2.0ms)
Completed 200 OK in 17ms (Views: 16.2ms | ActiveRecord: 0.0ms)


Started GET "/cats/1/edit" for ::1 at 2022-05-27 16:09:37 -0700
Processing by CatsController#edit as HTML
  Parameters: {"id"=>"1"}
  [1m[36mCat Load (0.3ms)[0m  [1m[34mSELECT  "cats".* FROM "cats" WHERE "cats"."id" = $1 LIMIT $2[0m  [["id", 1], ["LIMIT", 1]]
  ↳ app/controllers/cats_controller.rb:18
  Rendering cats/edit.html.erb within layouts/application
  Rendered cats/_form.html.erb (0.6ms)
  Rendered cats/edit.html.erb within layouts/application (1.7ms)
Completed 200 OK in 14ms (Views: 13.1ms | ActiveRecord: 0.3ms)


Started GET "/cats/1/edit" for ::1 at 2022-05-27 16:10:30 -0700
Processing by CatsController#edit as HTML
  Parameters: {"id"=>"1"}
  [1m[36mCat Load (0.3ms)[0m  [1m[34mSELECT  "cats".* FROM "cats" WHERE "cats"."id" = $1 LIMIT $2[0m  [["id", 1], ["LIMIT", 1]]
  ↳ app/controllers/cats_controller.rb:18
  Rendering cats/edit.html.erb within layouts/application
  Rendered cats/_form.html.erb (0.8ms)
  Rendered cats/edit.html.erb within layouts/application (2.1ms)
Completed 200 OK in 19ms (Views: 16.9ms | ActiveRecord: 0.3ms)


Started GET "/cats/1/edit" for ::1 at 2022-05-27 16:10:33 -0700
Processing by CatsController#edit as HTML
  Parameters: {"id"=>"1"}
  [1m[36mCat Load (0.2ms)[0m  [1m[34mSELECT  "cats".* FROM "cats" WHERE "cats"."id" = $1 LIMIT $2[0m  [["id", 1], ["LIMIT", 1]]
  ↳ app/controllers/cats_controller.rb:18
  Rendering cats/edit.html.erb within layouts/application
  Rendered cats/_form.html.erb (0.7ms)
  Rendered cats/edit.html.erb within layouts/application (1.8ms)
Completed 200 OK in 14ms (Views: 12.9ms | ActiveRecord: 0.2ms)


Started GET "/cats/1/edit" for ::1 at 2022-05-27 16:11:46 -0700
Processing by CatsController#edit as HTML
  Parameters: {"id"=>"1"}
  [1m[36mCat Load (0.2ms)[0m  [1m[34mSELECT  "cats".* FROM "cats" WHERE "cats"."id" = $1 LIMIT $2[0m  [["id", 1], ["LIMIT", 1]]
  ↳ app/controllers/cats_controller.rb:18
  Rendering cats/edit.html.erb within layouts/application
  Rendered cats/_form.html.erb (0.8ms)
  Rendered cats/edit.html.erb within layouts/application (2.1ms)
Completed 200 OK in 19ms (Views: 17.3ms | ActiveRecord: 0.2ms)


Started GET "/cats/1/edit" for ::1 at 2022-05-27 16:12:02 -0700
Processing by CatsController#edit as HTML
  Parameters: {"id"=>"1"}
  [1m[36mCat Load (0.1ms)[0m  [1m[34mSELECT  "cats".* FROM "cats" WHERE "cats"."id" = $1 LIMIT $2[0m  [["id", 1], ["LIMIT", 1]]
  ↳ app/controllers/cats_controller.rb:18
  Rendering cats/edit.html.erb within layouts/application
  Rendered cats/_form.html.erb (0.7ms)
  Rendered cats/edit.html.erb within layouts/application (1.9ms)
Completed 200 OK in 16ms (Views: 15.3ms | ActiveRecord: 0.1ms)


Started GET "/cats/2/edit" for ::1 at 2022-05-27 16:12:17 -0700
Processing by CatsController#edit as HTML
  Parameters: {"id"=>"2"}
  [1m[36mCat Load (0.3ms)[0m  [1m[34mSELECT  "cats".* FROM "cats" WHERE "cats"."id" = $1 LIMIT $2[0m  [["id", 2], ["LIMIT", 1]]
  ↳ app/controllers/cats_controller.rb:18
  Rendering cats/edit.html.erb within layouts/application
  Rendered cats/_form.html.erb (1.1ms)
  Rendered cats/edit.html.erb within layouts/application (3.1ms)
Completed 200 OK in 23ms (Views: 21.8ms | ActiveRecord: 0.3ms)


  [1m[36mCat Load (0.9ms)[0m  [1m[34mSELECT "cats".* FROM "cats"[0m
Started GET "/cats/2/edit" for ::1 at 2022-05-27 16:12:36 -0700
Processing by CatsController#edit as HTML
  Parameters: {"id"=>"2"}
  [1m[36mCat Load (0.2ms)[0m  [1m[34mSELECT  "cats".* FROM "cats" WHERE "cats"."id" = $1 LIMIT $2[0m  [["id", 2], ["LIMIT", 1]]
  ↳ app/controllers/cats_controller.rb:18
  Rendering cats/edit.html.erb within layouts/application
  Rendered cats/_form.html.erb (0.7ms)
  Rendered cats/edit.html.erb within layouts/application (1.8ms)
Completed 200 OK in 21ms (Views: 19.6ms | ActiveRecord: 0.2ms)


Started GET "/cats/3/edit" for ::1 at 2022-05-27 16:12:41 -0700
Processing by CatsController#edit as HTML
  Parameters: {"id"=>"3"}
  [1m[36mCat Load (0.2ms)[0m  [1m[34mSELECT  "cats".* FROM "cats" WHERE "cats"."id" = $1 LIMIT $2[0m  [["id", 3], ["LIMIT", 1]]
  ↳ app/controllers/cats_controller.rb:18
  Rendering cats/edit.html.erb within layouts/application
  Rendered cats/_form.html.erb (0.7ms)
  Rendered cats/edit.html.erb within layouts/application (1.7ms)
Completed 200 OK in 14ms (Views: 13.0ms | ActiveRecord: 0.2ms)


Started GET "/cats/4/edit" for ::1 at 2022-05-27 16:12:46 -0700
Processing by CatsController#edit as HTML
  Parameters: {"id"=>"4"}
  [1m[36mCat Load (0.2ms)[0m  [1m[34mSELECT  "cats".* FROM "cats" WHERE "cats"."id" = $1 LIMIT $2[0m  [["id", 4], ["LIMIT", 1]]
  ↳ app/controllers/cats_controller.rb:18
  Rendering cats/edit.html.erb within layouts/application
  Rendered cats/_form.html.erb (0.7ms)
  Rendered cats/edit.html.erb within layouts/application (1.7ms)
Completed 200 OK in 16ms (Views: 14.7ms | ActiveRecord: 0.2ms)


Started GET "/cats/4/edit" for ::1 at 2022-05-27 16:14:33 -0700
Processing by CatsController#edit as HTML
  Parameters: {"id"=>"4"}
  [1m[36mCat Load (0.2ms)[0m  [1m[34mSELECT  "cats".* FROM "cats" WHERE "cats"."id" = $1 LIMIT $2[0m  [["id", 4], ["LIMIT", 1]]
  ↳ app/controllers/cats_controller.rb:18
  Rendering cats/edit.html.erb within layouts/application
  Rendered cats/_form.html.erb (0.8ms)
  Rendered cats/edit.html.erb within layouts/application (2.1ms)
Completed 200 OK in 19ms (Views: 18.0ms | ActiveRecord: 0.2ms)


Started GET "/cats/4/edit" for ::1 at 2022-05-27 16:14:35 -0700
Processing by CatsController#edit as HTML
  Parameters: {"id"=>"4"}
  [1m[36mCat Load (0.3ms)[0m  [1m[34mSELECT  "cats".* FROM "cats" WHERE "cats"."id" = $1 LIMIT $2[0m  [["id", 4], ["LIMIT", 1]]
  ↳ app/controllers/cats_controller.rb:18
  Rendering cats/edit.html.erb within layouts/application
  Rendered cats/_form.html.erb (0.7ms)
  Rendered cats/edit.html.erb within layouts/application (1.8ms)
Completed 200 OK in 14ms (Views: 13.2ms | ActiveRecord: 0.3ms)


Started GET "/cats/1/edit" for ::1 at 2022-05-27 16:14:39 -0700
Processing by CatsController#edit as HTML
  Parameters: {"id"=>"1"}
  [1m[36mCat Load (0.2ms)[0m  [1m[34mSELECT  "cats".* FROM "cats" WHERE "cats"."id" = $1 LIMIT $2[0m  [["id", 1], ["LIMIT", 1]]
  ↳ app/controllers/cats_controller.rb:18
  Rendering cats/edit.html.erb within layouts/application
  Rendered cats/_form.html.erb (0.7ms)
  Rendered cats/edit.html.erb within layouts/application (1.7ms)
Completed 200 OK in 14ms (Views: 12.5ms | ActiveRecord: 0.2ms)


Started GET "/cats/2/edit" for ::1 at 2022-05-27 16:14:43 -0700
Processing by CatsController#edit as HTML
  Parameters: {"id"=>"2"}
  [1m[36mCat Load (0.1ms)[0m  [1m[34mSELECT  "cats".* FROM "cats" WHERE "cats"."id" = $1 LIMIT $2[0m  [["id", 2], ["LIMIT", 1]]
  ↳ app/controllers/cats_controller.rb:18
  Rendering cats/edit.html.erb within layouts/application
  Rendered cats/_form.html.erb (5.9ms)
  Rendered cats/edit.html.erb within layouts/application (7.0ms)
Completed 200 OK in 19ms (Views: 18.5ms | ActiveRecord: 0.1ms)


  [1m[36mCat Load (0.3ms)[0m  [1m[34mSELECT  "cats".* FROM "cats" ORDER BY "cats"."id" ASC LIMIT $1[0m  [["LIMIT", 1]]
Started GET "/cats/2/edit" for ::1 at 2022-05-27 16:15:51 -0700
Processing by CatsController#edit as HTML
  Parameters: {"id"=>"2"}
  [1m[36mCat Load (0.2ms)[0m  [1m[34mSELECT  "cats".* FROM "cats" WHERE "cats"."id" = $1 LIMIT $2[0m  [["id", 2], ["LIMIT", 1]]
  ↳ app/controllers/cats_controller.rb:18
  Rendering cats/edit.html.erb within layouts/application
  Rendered cats/_form.html.erb (1.2ms)
  Rendered cats/edit.html.erb within layouts/application (2.6ms)
Completed 500 Internal Server Error in 8ms (ActiveRecord: 0.2ms)



SyntaxError - syntax error, unexpected tSTRING_BEG, expecting ':'
...append=( cat.sex == "F" ? true" : "false" );@output_buffer.s...
...                              ^
/Users/lucyluo/Work/App_Academy/aa_classwork/W6D5/cats99/app/views/cats/_form.html.erb:22: syntax error, unexpected keyword_false, expecting ')'
...cat.sex == "F" ? true" : "false" );@output_buffer.safe_appen...
...                          ^~~~~
/Users/lucyluo/Work/App_Academy/aa_classwork/W6D5/cats99/app/views/cats/_form.html.erb:23: syntax error, unexpected tCONSTANT, expecting ')'
    <label for="Female">F</label>
                ^~~~~~
/Users/lucyluo/Work/App_Academy/aa_classwork/W6D5/cats99/app/views/cats/_form.html.erb:28: syntax error, unexpected tIDENTIFIER, expecting ')'
    <label for="color">Color:</label>
                ^~~~~
/Users/lucyluo/Work/App_Academy/aa_classwork/W6D5/cats99/app/views/cats/_form.html.erb:29: syntax error, unexpected tIDENTIFIER, expecting ')'
    <select id = "color" name="cat[color]">
                  ^~~~~
/Users/lucyluo/Work/App_Academy/aa_classwork/W6D5/cats99/app/views/cats/_form.html.erb:29: syntax error, unexpected tIDENTIFIER, expecting ')'
... <select id = "color" name="cat[color]">
...                            ^~~
/Users/lucyluo/Work/App_Academy/aa_classwork/W6D5/cats99/app/views/cats/_form.html.erb:29: syntax error, unexpected tSTRING_BEG, expecting ')'
... id = "color" name="cat[color]">
...                              ^
/Users/lucyluo/Work/App_Academy/aa_classwork/W6D5/cats99/app/views/cats/_form.html.erb:30: syntax error, unexpected tIDENTIFIER, expecting ')'
...nd=( action == :new ? "selected" : "" );@output_buffer.safe_...
...                       ^~~~~~~~
/Users/lucyluo/Work/App_Academy/aa_classwork/W6D5/cats99/app/views/cats/_form.html.erb:32: syntax error, unexpected tIDENTIFIER, expecting ')'
... cat.color == color ? "selected" : "" );@output_buffer.safe_...
...                       ^~~~~~~~
/Users/lucyluo/Work/App_Academy/aa_classwork/W6D5/cats99/app/views/cats/_form.html.erb:39: syntax error, unexpected tIDENTIFIER, expecting ')'
    <label for="birth_date">Birth Date:</label>
                ^~~~~~~~~~
/Users/lucyluo/Work/App_Academy/aa_classwork/W6D5/cats99/app/views/cats/_form.html.erb:40: syntax error, unexpected tIDENTIFIER, expecting ')'
    <input id="birth_date" type="date" name="cat[birth...
               ^~~~~~~~~~
/Users/lucyluo/Work/App_Academy/aa_classwork/W6D5/cats99/app/views/cats/_form.html.erb:40: syntax error, unexpected tIDENTIFIER, expecting ')'
...nput id="birth_date" type="date" name="cat[birth_date]" valu...
...                           ^~~~
/Users/lucyluo/Work/App_Academy/aa_classwork/W6D5/cats99/app/views/cats/_form.html.erb:40: syntax error, unexpected tIDENTIFIER, expecting ')'
...rth_date" type="date" name="cat[birth_date]" value="'.freeze...
...                            ^~~
/Users/lucyluo/Work/App_Academy/aa_classwork/W6D5/cats99/app/views/cats/_form.html.erb:40: syntax error, unexpected tSTRING_BEG, expecting ')'
...e="date" name="cat[birth_date]" value="'.freeze;@output_buff...
...                              ^
/Users/lucyluo/Work/App_Academy/aa_classwork/W6D5/cats99/app/views/cats/_form.html.erb:45: syntax error, unexpected tIDENTIFIER, expecting ')'
    <label for="description">Description:</label> 
                ^~~~~~~~~~~
/Users/lucyluo/Work/App_Academy/aa_classwork/W6D5/cats99/app/views/cats/_form.html.erb:46: syntax error, unexpected tIDENTIFIER, expecting ')'
    <textarea id="description" name="cat[description]" val...
                  ^~~~~~~~~~~
/Users/lucyluo/Work/App_Academy/aa_classwork/W6D5/cats99/app/views/cats/_form.html.erb:46: syntax error, unexpected tIDENTIFIER, expecting ')'
...area id="description" name="cat[description]" value="">'.fre...
...                            ^~~
/Users/lucyluo/Work/App_Academy/aa_classwork/W6D5/cats99/app/views/cats/_form.html.erb:46: syntax error, unexpected tSTRING_BEG, expecting ')'
...iption" name="cat[description]" value="">'.freeze;@output_bu...
...                              ^
/Users/lucyluo/Work/App_Academy/aa_classwork/W6D5/cats99/app/views/cats/_form.html.erb:51: syntax error, unexpected tIDENTIFIER, expecting ')'
    <input type="submit" value="'.freeze;@output_buf...
                 ^~~~~~
/Users/lucyluo/Work/App_Academy/aa_classwork/W6D5/cats99/app/views/cats/_form.html.erb:59: unterminated string meets end of file
          end
             ^
/Users/lucyluo/Work/App_Academy/aa_classwork/W6D5/cats99/app/views/cats/_form.html.erb:59: syntax error, unexpected end-of-input, expecting ')'
          end
             ^:
  app/views/cats/_form.html.erb:22:in `'
  app/views/cats/edit.html.erb:3:in `_app_views_cats_edit_html_erb___53001096739756996_2170707820'
  app/controllers/cats_controller.rb:19:in `edit'

Started POST "/__better_errors/bd8d1e51af820737/variables" for ::1 at 2022-05-27 16:15:51 -0700
Started GET "/cats/2/edit" for ::1 at 2022-05-27 16:16:15 -0700
Processing by CatsController#edit as HTML
  Parameters: {"id"=>"2"}
  [1m[36mCat Load (0.2ms)[0m  [1m[34mSELECT  "cats".* FROM "cats" WHERE "cats"."id" = $1 LIMIT $2[0m  [["id", 2], ["LIMIT", 1]]
  ↳ app/controllers/cats_controller.rb:18
  Rendering cats/edit.html.erb within layouts/application
  Rendered cats/_form.html.erb (0.7ms)
  Rendered cats/edit.html.erb within layouts/application (1.8ms)
Completed 200 OK in 18ms (Views: 16.6ms | ActiveRecord: 0.2ms)


Started GET "/cats/2/edit" for ::1 at 2022-05-27 16:16:18 -0700
Processing by CatsController#edit as HTML
  Parameters: {"id"=>"2"}
  [1m[36mCat Load (0.2ms)[0m  [1m[34mSELECT  "cats".* FROM "cats" WHERE "cats"."id" = $1 LIMIT $2[0m  [["id", 2], ["LIMIT", 1]]
  ↳ app/controllers/cats_controller.rb:18
  Rendering cats/edit.html.erb within layouts/application
  Rendered cats/_form.html.erb (1.0ms)
  Rendered cats/edit.html.erb within layouts/application (2.9ms)
Completed 200 OK in 22ms (Views: 20.1ms | ActiveRecord: 0.2ms)


Started GET "/cats/2/edit" for ::1 at 2022-05-27 16:17:17 -0700
Processing by CatsController#edit as HTML
  Parameters: {"id"=>"2"}
  [1m[36mCat Load (0.2ms)[0m  [1m[34mSELECT  "cats".* FROM "cats" WHERE "cats"."id" = $1 LIMIT $2[0m  [["id", 2], ["LIMIT", 1]]
  ↳ app/controllers/cats_controller.rb:18
  Rendering cats/edit.html.erb within layouts/application
  Rendered cats/_form.html.erb (0.9ms)
  Rendered cats/edit.html.erb within layouts/application (2.4ms)
Completed 200 OK in 20ms (Views: 18.4ms | ActiveRecord: 0.2ms)


Started GET "/cats/2/edit" for ::1 at 2022-05-27 16:17:18 -0700
Processing by CatsController#edit as HTML
  Parameters: {"id"=>"2"}
  [1m[36mCat Load (0.3ms)[0m  [1m[34mSELECT  "cats".* FROM "cats" WHERE "cats"."id" = $1 LIMIT $2[0m  [["id", 2], ["LIMIT", 1]]
  ↳ app/controllers/cats_controller.rb:18
  Rendering cats/edit.html.erb within layouts/application
  Rendered cats/_form.html.erb (0.8ms)
  Rendered cats/edit.html.erb within layouts/application (2.0ms)
Completed 200 OK in 16ms (Views: 14.3ms | ActiveRecord: 0.3ms)


Started GET "/cats/2/edit" for ::1 at 2022-05-27 16:17:50 -0700
Processing by CatsController#edit as HTML
  Parameters: {"id"=>"2"}
  [1m[36mCat Load (0.1ms)[0m  [1m[34mSELECT  "cats".* FROM "cats" WHERE "cats"."id" = $1 LIMIT $2[0m  [["id", 2], ["LIMIT", 1]]
  ↳ app/controllers/cats_controller.rb:18
  Rendering cats/edit.html.erb within layouts/application
  Rendered cats/_form.html.erb (219.4ms)
  Rendered cats/edit.html.erb within layouts/application (220.5ms)
Completed 500 Internal Server Error in 224ms (ActiveRecord: 0.1ms)



NameError - undefined local variable or method `checked' for #<#<Class:0x000000011842ad60>:0x0000000118353568>
Did you mean?  check_box:
  app/views/cats/_form.html.erb:20:in `_app_views_cats__form_html_erb___3191011572764198050_2350532000'
  app/views/cats/edit.html.erb:3:in `_app_views_cats_edit_html_erb___53001096739756996_2350551260'
  app/controllers/cats_controller.rb:19:in `edit'

Started POST "/__better_errors/d27d95d27250bf4f/variables" for ::1 at 2022-05-27 16:17:51 -0700
Started GET "/cats/2/edit" for ::1 at 2022-05-27 16:18:08 -0700
Processing by CatsController#edit as HTML
  Parameters: {"id"=>"2"}
  [1m[36mCat Load (0.3ms)[0m  [1m[34mSELECT  "cats".* FROM "cats" WHERE "cats"."id" = $1 LIMIT $2[0m  [["id", 2], ["LIMIT", 1]]
  ↳ app/controllers/cats_controller.rb:18
  Rendering cats/edit.html.erb within layouts/application
  Rendered cats/_form.html.erb (1.1ms)
  Rendered cats/edit.html.erb within layouts/application (3.0ms)
Completed 200 OK in 31ms (Views: 28.9ms | ActiveRecord: 0.3ms)


Started GET "/cats/2/edit" for ::1 at 2022-05-27 16:18:29 -0700
Processing by CatsController#edit as HTML
  Parameters: {"id"=>"2"}
  [1m[36mCat Load (0.2ms)[0m  [1m[34mSELECT  "cats".* FROM "cats" WHERE "cats"."id" = $1 LIMIT $2[0m  [["id", 2], ["LIMIT", 1]]
  ↳ app/controllers/cats_controller.rb:18
  Rendering cats/edit.html.erb within layouts/application
  Rendered cats/_form.html.erb (0.8ms)
  Rendered cats/edit.html.erb within layouts/application (1.9ms)
Completed 200 OK in 19ms (Views: 18.1ms | ActiveRecord: 0.2ms)


Started GET "/cats/1/edit" for ::1 at 2022-05-27 16:18:46 -0700
Processing by CatsController#edit as HTML
  Parameters: {"id"=>"1"}
  [1m[36mCat Load (0.2ms)[0m  [1m[34mSELECT  "cats".* FROM "cats" WHERE "cats"."id" = $1 LIMIT $2[0m  [["id", 1], ["LIMIT", 1]]
  ↳ app/controllers/cats_controller.rb:18
  Rendering cats/edit.html.erb within layouts/application
  Rendered cats/_form.html.erb (0.8ms)
  Rendered cats/edit.html.erb within layouts/application (2.1ms)
Completed 200 OK in 19ms (Views: 17.8ms | ActiveRecord: 0.2ms)


Started PATCH "/cats/1" for ::1 at 2022-05-27 16:20:33 -0700
Processing by CatsController#update as HTML
  Parameters: {"cat"=>{"name"=>"fluffy-v2", "sex"=>"F", "color"=>"coffee", "birth_date"=>"2014-12-12", "description"=>"Very cute cat upgraded"}, "id"=>"1"}
  [1m[36mCat Load (0.2ms)[0m  [1m[34mSELECT  "cats".* FROM "cats" WHERE "cats"."id" = $1 LIMIT $2[0m  [["id", 1], ["LIMIT", 1]]
  ↳ app/controllers/cats_controller.rb:33
  [1m[35m (0.1ms)[0m  [1m[35mBEGIN[0m
  ↳ app/controllers/cats_controller.rb:34
  [1m[36mCat Update (2.8ms)[0m  [1m[33mUPDATE "cats" SET "name" = $1, "color" = $2, "sex" = $3, "birth_date" = $4, "description" = $5, "updated_at" = $6 WHERE "cats"."id" = $7[0m  [["name", "fluffy-v2"], ["color", "coffee"], ["sex", "F"], ["birth_date", "2014-12-12"], ["description", "Very cute cat upgraded"], ["updated_at", "2022-05-27 23:20:33.160674"], ["id", 1]]
  ↳ app/controllers/cats_controller.rb:34
  [1m[35m (1.1ms)[0m  [1m[35mCOMMIT[0m
  ↳ app/controllers/cats_controller.rb:34
Redirected to http://localhost:3000/cats/1
Completed 302 Found in 34ms (ActiveRecord: 23.2ms)


Started GET "/cats/1" for ::1 at 2022-05-27 16:20:33 -0700
Processing by CatsController#show as HTML
  Parameters: {"id"=>"1"}
  [1m[36mCat Load (0.1ms)[0m  [1m[34mSELECT  "cats".* FROM "cats" WHERE "cats"."id" = $1 LIMIT $2[0m  [["id", 1], ["LIMIT", 1]]
  ↳ app/controllers/cats_controller.rb:8
  Rendering cats/show.html.erb within layouts/application
  Rendered cats/show.html.erb within layouts/application (2.4ms)
Completed 200 OK in 19ms (Views: 17.2ms | ActiveRecord: 0.1ms)


Started GET "/cats/new" for ::1 at 2022-05-27 16:20:46 -0700
Processing by CatsController#new as HTML
  Rendering cats/new.html.erb within layouts/application
  Rendered cats/_form.html.erb (0.7ms)
  Rendered cats/new.html.erb within layouts/application (2.2ms)
Completed 200 OK in 16ms (Views: 15.4ms | ActiveRecord: 0.0ms)


  [1m[36mCat Load (1.2ms)[0m  [1m[34mSELECT "cats".* FROM "cats"[0m
Started POST "/cats" for ::1 at 2022-05-27 16:21:17 -0700
Processing by CatsController#create as HTML
  Parameters: {"cat"=>{"name"=>"Blossom", "sex"=>"M", "color"=>"white", "birth_date"=>"2021-07-09", "description"=>"I'm a pink cat"}}
  [1m[35m (0.2ms)[0m  [1m[35mBEGIN[0m
  ↳ app/controllers/cats_controller.rb:25
  [1m[36mCat Create (4.8ms)[0m  [1m[32mINSERT INTO "cats" ("birth_date", "color", "name", "sex", "description", "created_at", "updated_at") VALUES ($1, $2, $3, $4, $5, $6, $7) RETURNING "id"[0m  [["birth_date", "2021-07-09"], ["color", "white"], ["name", "Blossom"], ["sex", "M"], ["description", "I'm a pink cat"], ["created_at", "2022-05-27 23:21:17.268931"], ["updated_at", "2022-05-27 23:21:17.268931"]]
  ↳ app/controllers/cats_controller.rb:25
  [1m[35m (0.6ms)[0m  [1m[35mCOMMIT[0m
  ↳ app/controllers/cats_controller.rb:25
Redirected to http://localhost:3000/cats/6
Completed 302 Found in 10ms (ActiveRecord: 5.5ms)


Started GET "/cats/6" for ::1 at 2022-05-27 16:21:17 -0700
Processing by CatsController#show as HTML
  Parameters: {"id"=>"6"}
  [1m[36mCat Load (0.2ms)[0m  [1m[34mSELECT  "cats".* FROM "cats" WHERE "cats"."id" = $1 LIMIT $2[0m  [["id", 6], ["LIMIT", 1]]
  ↳ app/controllers/cats_controller.rb:8
  Rendering cats/show.html.erb within layouts/application
  Rendered cats/show.html.erb within layouts/application (1.1ms)
Completed 200 OK in 27ms (Views: 25.1ms | ActiveRecord: 0.2ms)


Started GET "/cats/new" for ::1 at 2022-05-27 16:21:37 -0700
Processing by CatsController#new as HTML
  Rendering cats/new.html.erb within layouts/application
  Rendered cats/_form.html.erb (0.8ms)
  Rendered cats/new.html.erb within layouts/application (2.3ms)
Completed 200 OK in 18ms (Views: 16.9ms | ActiveRecord: 0.0ms)


Started GET "/cats/1/update" for ::1 at 2022-05-27 16:21:43 -0700
  
ActionController::RoutingError (No route matches [GET] "/cats/1/update"):
  
actionpack (5.2.8) lib/action_dispatch/middleware/debug_exceptions.rb:65:in `call'
web-console (3.7.0) lib/web_console/middleware.rb:135:in `call_app'
web-console (3.7.0) lib/web_console/middleware.rb:30:in `block in call'
web-console (3.7.0) lib/web_console/middleware.rb:20:in `catch'
web-console (3.7.0) lib/web_console/middleware.rb:20:in `call'
actionpack (5.2.8) lib/action_dispatch/middleware/show_exceptions.rb:33:in `call'
railties (5.2.8) lib/rails/rack/logger.rb:38:in `call_app'
railties (5.2.8) lib/rails/rack/logger.rb:26:in `block in call'
activesupport (5.2.8) lib/active_support/tagged_logging.rb:71:in `block in tagged'
activesupport (5.2.8) lib/active_support/tagged_logging.rb:28:in `tagged'
activesupport (5.2.8) lib/active_support/tagged_logging.rb:71:in `tagged'
railties (5.2.8) lib/rails/rack/logger.rb:26:in `call'
sprockets-rails (3.4.2) lib/sprockets/rails/quiet_assets.rb:13:in `call'
actionpack (5.2.8) lib/action_dispatch/middleware/remote_ip.rb:81:in `call'
actionpack (5.2.8) lib/action_dispatch/middleware/request_id.rb:27:in `call'
rack (2.2.3.1) lib/rack/method_override.rb:24:in `call'
rack (2.2.3.1) lib/rack/runtime.rb:22:in `call'
activesupport (5.2.8) lib/active_support/cache/strategy/local_cache_middleware.rb:29:in `call'
actionpack (5.2.8) lib/action_dispatch/middleware/executor.rb:14:in `call'
actionpack (5.2.8) lib/action_dispatch/middleware/static.rb:127:in `call'
rack (2.2.3.1) lib/rack/sendfile.rb:110:in `call'
railties (5.2.8) lib/rails/engine.rb:524:in `call'
puma (3.12.6) lib/puma/configuration.rb:227:in `call'
puma (3.12.6) lib/puma/server.rb:706:in `handle_request'
puma (3.12.6) lib/puma/server.rb:476:in `process_client'
puma (3.12.6) lib/puma/server.rb:334:in `block in run'
puma (3.12.6) lib/puma/thread_pool.rb:135:in `block in spawn_thread'
Started GET "/cats/1/edit" for ::1 at 2022-05-27 16:21:47 -0700
Processing by CatsController#edit as HTML
  Parameters: {"id"=>"1"}
  [1m[36mCat Load (0.5ms)[0m  [1m[34mSELECT  "cats".* FROM "cats" WHERE "cats"."id" = $1 LIMIT $2[0m  [["id", 1], ["LIMIT", 1]]
  ↳ app/controllers/cats_controller.rb:18
  Rendering cats/edit.html.erb within layouts/application
  Rendered cats/_form.html.erb (1.1ms)
  Rendered cats/edit.html.erb within layouts/application (2.8ms)
Completed 200 OK in 31ms (Views: 29.2ms | ActiveRecord: 0.5ms)


Started GET "/cats/10/edit" for ::1 at 2022-05-27 16:23:29 -0700
Processing by CatsController#edit as HTML
  Parameters: {"id"=>"10"}
  [1m[36mCat Load (0.2ms)[0m  [1m[34mSELECT  "cats".* FROM "cats" WHERE "cats"."id" = $1 LIMIT $2[0m  [["id", 10], ["LIMIT", 1]]
  ↳ app/controllers/cats_controller.rb:18
  Rendering cats/edit.html.erb within layouts/application
  Rendered cats/edit.html.erb within layouts/application (3.3ms)
Completed 500 Internal Server Error in 8ms (ActiveRecord: 0.2ms)



NoMethodError - undefined method `name' for nil:NilClass:
  app/views/cats/edit.html.erb:1:in `_app_views_cats_edit_html_erb___53001096739756996_2172156100'
  app/controllers/cats_controller.rb:19:in `edit'

Started POST "/__better_errors/bc2588f2a2af2d81/variables" for ::1 at 2022-05-27 16:23:29 -0700
Started GET "/cats/100/edit" for ::1 at 2022-05-27 16:37:39 -0700
Processing by CatsController#edit as HTML
  Parameters: {"id"=>"100"}
  [1m[36mCat Load (0.5ms)[0m  [1m[34mSELECT  "cats".* FROM "cats" WHERE "cats"."id" = $1 LIMIT $2[0m  [["id", 100], ["LIMIT", 1]]
  ↳ app/controllers/cats_controller.rb:18
  Rendering cats/edit.html.erb within layouts/application
  Rendered cats/edit.html.erb within layouts/application (2.8ms)
Completed 500 Internal Server Error in 14ms (ActiveRecord: 3.2ms)



NoMethodError - undefined method `name' for nil:NilClass:
  app/views/cats/edit.html.erb:1:in `_app_views_cats_edit_html_erb___53001096739756996_2192275800'
  app/controllers/cats_controller.rb:19:in `edit'

Started POST "/__better_errors/31f9c4a2399008fa/variables" for ::1 at 2022-05-27 16:37:39 -0700
Started GET "/cats/100/edit" for ::1 at 2022-05-27 16:38:13 -0700
Processing by CatsController#edit as HTML
  Parameters: {"id"=>"100"}
  [1m[36mCat Load (0.2ms)[0m  [1m[34mSELECT  "cats".* FROM "cats" WHERE "cats"."id" = $1 LIMIT $2[0m  [["id", 100], ["LIMIT", 1]]
  ↳ app/controllers/cats_controller.rb:18
Redirected to http://localhost:3000/cats
Completed 302 Found in 6ms (ActiveRecord: 2.4ms)


Started GET "/cats" for ::1 at 2022-05-27 16:38:13 -0700
Processing by CatsController#index as HTML
  Rendering cats/index.html.erb within layouts/application
  [1m[36mCat Load (0.2ms)[0m  [1m[34mSELECT "cats".* FROM "cats"[0m
  ↳ app/views/cats/index.html.erb:4
  Rendered cats/index.html.erb within layouts/application (8.9ms)
Completed 200 OK in 24ms (Views: 19.9ms | ActiveRecord: 3.5ms)


Started GET "/cats" for ::1 at 2022-05-27 16:38:21 -0700
Processing by CatsController#index as HTML
  Rendering cats/index.html.erb within layouts/application
  [1m[36mCat Load (0.3ms)[0m  [1m[34mSELECT "cats".* FROM "cats"[0m
  ↳ app/views/cats/index.html.erb:4
  Rendered cats/index.html.erb within layouts/application (2.4ms)
Completed 200 OK in 24ms (Views: 23.2ms | ActiveRecord: 0.3ms)


Started POST "/__better_errors/bc2588f2a2af2d81/variables" for ::1 at 2022-05-27 16:38:52 -0700
Started GET "/cats/10/edit" for ::1 at 2022-05-27 16:38:53 -0700
Processing by CatsController#edit as HTML
  Parameters: {"id"=>"10"}
  [1m[36mCat Load (0.2ms)[0m  [1m[34mSELECT  "cats".* FROM "cats" WHERE "cats"."id" = $1 LIMIT $2[0m  [["id", 10], ["LIMIT", 1]]
  ↳ app/controllers/cats_controller.rb:18
Completed 500 Internal Server Error in 8ms (ActiveRecord: 1.6ms)



NoMethodError - undefined method `persisted?' for nil:NilClass:
  app/controllers/cats_controller.rb:19:in `edit'

Started POST "/__better_errors/d6ee505e70ef3013/variables" for ::1 at 2022-05-27 16:38:53 -0700
  [1m[36mCat Load (0.8ms)[0m  [1m[34mSELECT  "cats".* FROM "cats" ORDER BY "cats"."id" ASC LIMIT $1[0m  [["LIMIT", 1]]
Started GET "/cats/10/edit" for ::1 at 2022-05-27 16:39:42 -0700
Processing by CatsController#edit as HTML
  Parameters: {"id"=>"10"}
  [1m[36mCat Load (0.3ms)[0m  [1m[34mSELECT  "cats".* FROM "cats" WHERE "cats"."id" = $1 LIMIT $2[0m  [["id", 10], ["LIMIT", 1]]
  ↳ app/controllers/cats_controller.rb:18
Completed 500 Internal Server Error in 5ms (ActiveRecord: 0.3ms)



NoMethodError - undefined method `persisted?' for nil:NilClass:
  app/controllers/cats_controller.rb:19:in `edit'

Started POST "/__better_errors/ea07f8fb64db64fc/variables" for ::1 at 2022-05-27 16:39:42 -0700
Started POST "/__better_errors/ea07f8fb64db64fc/eval" for ::1 at 2022-05-27 16:39:43 -0700
  [1m[35m (0.5ms)[0m  [1m[35mBEGIN[0m
  [1m[36mCat Create (4.1ms)[0m  [1m[32mINSERT INTO "cats" ("birth_date", "color", "name", "sex", "description", "created_at", "updated_at") VALUES ($1, $2, $3, $4, $5, $6, $7) RETURNING "id"[0m  [["birth_date", "2018-01-20"], ["color", "black"], ["name", "app"], ["sex", "F"], ["description", "good cat"], ["created_at", "2022-05-27 23:42:34.556542"], ["updated_at", "2022-05-27 23:42:34.556542"]]
  [1m[35m (1.1ms)[0m  [1m[35mCOMMIT[0m
Started GET "/cats/1/edit" for ::1 at 2022-05-27 16:46:44 -0700
Processing by CatsController#edit as HTML
  Parameters: {"id"=>"1"}
  [1m[36mCat Load (0.4ms)[0m  [1m[34mSELECT  "cats".* FROM "cats" WHERE "cats"."id" = $1 LIMIT $2[0m  [["id", 1], ["LIMIT", 1]]
  ↳ app/controllers/cats_controller.rb:18
  Rendering cats/edit.html.erb within layouts/application
  Rendered cats/_form.html.erb (0.8ms)
  Rendered cats/edit.html.erb within layouts/application (2.0ms)
Completed 200 OK in 32ms (Views: 17.0ms | ActiveRecord: 6.1ms)


Started PATCH "/cats/1" for ::1 at 2022-05-27 16:46:52 -0700
Processing by CatsController#update as HTML
  Parameters: {"cat"=>{"name"=>"fluffy-v2.1", "sex"=>"F", "color"=>"coffee", "birth_date"=>"2014-12-12", "description"=>"Very cute cat upgraded"}, "id"=>"1"}
  [1m[36mCat Load (0.4ms)[0m  [1m[34mSELECT  "cats".* FROM "cats" WHERE "cats"."id" = $1 LIMIT $2[0m  [["id", 1], ["LIMIT", 1]]
  ↳ app/controllers/cats_controller.rb:37
  [1m[35m (0.1ms)[0m  [1m[35mBEGIN[0m
  ↳ app/controllers/cats_controller.rb:38
  [1m[36mCat Update (0.3ms)[0m  [1m[33mUPDATE "cats" SET "name" = $1, "updated_at" = $2 WHERE "cats"."id" = $3[0m  [["name", "fluffy-v2.1"], ["updated_at", "2022-05-27 23:46:52.735294"], ["id", 1]]
  ↳ app/controllers/cats_controller.rb:38
  [1m[35m (0.8ms)[0m  [1m[35mCOMMIT[0m
  ↳ app/controllers/cats_controller.rb:38
Redirected to http://localhost:3000/cats/1
Completed 302 Found in 8ms (ActiveRecord: 1.7ms)


Started GET "/cats/1" for ::1 at 2022-05-27 16:46:52 -0700
Processing by CatsController#show as HTML
  Parameters: {"id"=>"1"}
  [1m[36mCat Load (0.2ms)[0m  [1m[34mSELECT  "cats".* FROM "cats" WHERE "cats"."id" = $1 LIMIT $2[0m  [["id", 1], ["LIMIT", 1]]
  ↳ app/controllers/cats_controller.rb:8
  Rendering cats/show.html.erb within layouts/application
  Rendered cats/show.html.erb within layouts/application (0.9ms)
Completed 200 OK in 27ms (Views: 25.8ms | ActiveRecord: 0.2ms)


Started GET "/cats/new" for ::1 at 2022-05-27 16:47:04 -0700
Processing by CatsController#new as HTML
  Rendering cats/new.html.erb within layouts/application
  Rendered cats/_form.html.erb (0.8ms)
  Rendered cats/new.html.erb within layouts/application (2.4ms)
Completed 200 OK in 20ms (Views: 19.0ms | ActiveRecord: 0.0ms)


Started GET "/cats/10/edit" for ::1 at 2022-05-27 16:47:24 -0700
Processing by CatsController#edit as HTML
  Parameters: {"id"=>"10"}
  [1m[36mCat Load (0.2ms)[0m  [1m[34mSELECT  "cats".* FROM "cats" WHERE "cats"."id" = $1 LIMIT $2[0m  [["id", 10], ["LIMIT", 1]]
  ↳ app/controllers/cats_controller.rb:18
Redirected to http://localhost:3000/cats
Completed 302 Found in 1ms (ActiveRecord: 0.2ms)


Started GET "/cats" for ::1 at 2022-05-27 16:47:24 -0700
Processing by CatsController#index as HTML
  Rendering cats/index.html.erb within layouts/application
  [1m[36mCat Load (0.2ms)[0m  [1m[34mSELECT "cats".* FROM "cats"[0m
  ↳ app/views/cats/index.html.erb:4
  Rendered cats/index.html.erb within layouts/application (1.4ms)
Completed 200 OK in 18ms (Views: 17.6ms | ActiveRecord: 0.2ms)


Started GET "/cats/1/edit" for ::1 at 2022-05-27 16:48:23 -0700
Processing by CatsController#edit as HTML
  Parameters: {"id"=>"1"}
  [1m[36mCat Load (0.4ms)[0m  [1m[34mSELECT  "cats".* FROM "cats" WHERE "cats"."id" = $1 LIMIT $2[0m  [["id", 1], ["LIMIT", 1]]
  ↳ app/controllers/cats_controller.rb:18
  Rendering cats/edit.html.erb within layouts/application
  Rendered cats/_form.html.erb (5.7ms)
  Rendered cats/edit.html.erb within layouts/application (14.8ms)
Completed 200 OK in 38ms (Views: 35.3ms | ActiveRecord: 0.4ms)


Started PATCH "/cats/1" for ::1 at 2022-05-27 16:48:32 -0700
Processing by CatsController#update as HTML
  Parameters: {"cat"=>{"name"=>"fluffy-v2.1", "sex"=>"M", "color"=>"coffee", "birth_date"=>"2014-12-12", "description"=>"Very cute cat upgraded"}, "id"=>"1"}
  [1m[36mCat Load (0.4ms)[0m  [1m[34mSELECT  "cats".* FROM "cats" WHERE "cats"."id" = $1 LIMIT $2[0m  [["id", 1], ["LIMIT", 1]]
  ↳ app/controllers/cats_controller.rb:37
  [1m[35m (0.1ms)[0m  [1m[35mBEGIN[0m
  ↳ app/controllers/cats_controller.rb:38
  [1m[36mCat Update (0.5ms)[0m  [1m[33mUPDATE "cats" SET "sex" = $1, "updated_at" = $2 WHERE "cats"."id" = $3[0m  [["sex", "M"], ["updated_at", "2022-05-27 23:48:32.733734"], ["id", 1]]
  ↳ app/controllers/cats_controller.rb:38
  [1m[35m (0.4ms)[0m  [1m[35mCOMMIT[0m
  ↳ app/controllers/cats_controller.rb:38
Redirected to http://localhost:3000/cats/1
Completed 302 Found in 5ms (ActiveRecord: 1.4ms)


Started GET "/cats/1" for ::1 at 2022-05-27 16:48:32 -0700
Processing by CatsController#show as HTML
  Parameters: {"id"=>"1"}
  [1m[36mCat Load (0.1ms)[0m  [1m[34mSELECT  "cats".* FROM "cats" WHERE "cats"."id" = $1 LIMIT $2[0m  [["id", 1], ["LIMIT", 1]]
  ↳ app/controllers/cats_controller.rb:8
  Rendering cats/show.html.erb within layouts/application
  Rendered cats/show.html.erb within layouts/application (0.8ms)
Completed 200 OK in 18ms (Views: 16.4ms | ActiveRecord: 0.1ms)


  [1m[35m (1.1ms)[0m  [1m[34mSELECT "schema_migrations"."version" FROM "schema_migrations" ORDER BY "schema_migrations"."version" ASC[0m
  ↳ bin/rails:9
  [1m[35m (0.5ms)[0m  [1m[34mSELECT "schema_migrations"."version" FROM "schema_migrations" ORDER BY "schema_migrations"."version" ASC[0m
  ↳ bin/rails:9
  [1m[35m (0.7ms)[0m  [1m[34mSELECT "schema_migrations"."version" FROM "schema_migrations" ORDER BY "schema_migrations"."version" ASC[0m
  ↳ bin/rails:9
Started GET "/cats" for ::1 at 2022-05-27 16:53:32 -0700
  [1m[35m (0.8ms)[0m  [1m[34mSELECT "schema_migrations"."version" FROM "schema_migrations" ORDER BY "schema_migrations"."version" ASC[0m
  ↳ /Users/lucyluo/.rbenv/versions/2.5.1/lib/ruby/gems/2.5.0/gems/activerecord-5.2.8/lib/active_record/log_subscriber.rb:98

ActiveRecord::PendingMigrationError - Migrations are pending. To resolve this issue, run:
        bin/rails db:migrate RAILS_ENV=development:

Started POST "/__better_errors/494d117daa0cf47b/variables" for ::1 at 2022-05-27 16:53:33 -0700
  [1m[36mCat Load (1.3ms)[0m  [1m[34mSELECT "cats".* FROM "cats"[0m
